2025-08-21 00:12:35 - ERROR - DupeZ - _log_with_context:168 - WinDivert.dll not found at: C:\Users\Owner\AppData\Local\Temp\_MEI245242\app\firewall\WinDivert.dll
Exception: None

2025-08-21 00:12:35 - ERROR - DupeZ - _log_with_context:168 - WinDivert64.sys not found at: C:\Users\Owner\AppData\Local\Temp\_MEI245242\app\firewall\WinDivert64.sys
Exception: None

2025-08-21 00:12:35 - ERROR - DupeZ - _log_with_context:168 - clumsy.exe not found at: C:\Users\Owner\AppData\Local\Temp\_MEI245242\app\firewall\clumsy.exe
Exception: None

2025-08-21 00:12:43 - ERROR - DupeZ - _log_with_context:168 - Real device scan failed: 'EnhancedNetworkScanner' object has no attribute 'wait'
Exception: None

2025-08-21 00:12:43 - ERROR - DupeZ - _log_with_context:168 - Theme file not found: app/themes\light.qss
Exception: None

2025-08-21 00:12:43 - ERROR - DupeZ - _log_with_context:168 - Theme file not found: app/themes\dark.qss
Exception: None

2025-08-21 00:12:43 - ERROR - DupeZ - _log_with_context:168 - Theme file not found: app/themes\hacker.qss
Exception: None

2025-08-21 00:12:43 - ERROR - DupeZ - _log_with_context:168 - Theme file not found: app/themes\rainbow.qss
Exception: None

2025-08-21 00:12:43 - ERROR - DupeZ - _log_with_context:168 - Theme not found: dark
Exception: None

2025-08-21 00:12:43 - ERROR - DupeZ - _log_with_context:168 - Failed to apply default theme
Exception: None

2025-08-21 00:12:43 - ERROR - DupeZ - _log_with_context:168 - Failed to apply fallback theme: [Errno 2] No such file or directory: 'app/themes/dark.qss'
Exception: None

2025-08-21 00:12:45 - ERROR - DupeZ - _log_with_context:168 - Failed to load tips: [Errno 2] No such file or directory: 'app/config/dayz_tips_tricks.json'
Exception: None

2025-08-21 00:13:13 - ERROR - DupeZ - _log_with_context:168 - Real device scan failed: 'EnhancedNetworkScanner' object has no attribute 'wait'
Exception: None

2025-08-21 00:13:43 - ERROR - DupeZ - _log_with_context:168 - Real device scan failed: 'EnhancedNetworkScanner' object has no attribute 'wait'
Exception: None

2025-08-21 00:14:13 - ERROR - DupeZ - _log_with_context:168 - Real device scan failed: 'EnhancedNetworkScanner' object has no attribute 'wait'
Exception: None

2025-08-21 00:14:43 - ERROR - DupeZ - _log_with_context:168 - Real device scan failed: 'EnhancedNetworkScanner' object has no attribute 'wait'
Exception: None

2025-08-21 00:15:13 - ERROR - DupeZ - _log_with_context:168 - Real device scan failed: 'EnhancedNetworkScanner' object has no attribute 'wait'
Exception: None

2025-08-21 00:15:43 - ERROR - DupeZ - _log_with_context:168 - Real device scan failed: 'EnhancedNetworkScanner' object has no attribute 'wait'
Exception: None

2025-08-21 00:16:13 - ERROR - DupeZ - _log_with_context:168 - Real device scan failed: 'EnhancedNetworkScanner' object has no attribute 'wait'
Exception: None

2025-08-21 00:16:43 - ERROR - DupeZ - _log_with_context:168 - Real device scan failed: 'EnhancedNetworkScanner' object has no attribute 'wait'
Exception: None

2025-08-21 00:17:13 - ERROR - DupeZ - _log_with_context:168 - Real device scan failed: 'EnhancedNetworkScanner' object has no attribute 'wait'
Exception: None

2025-08-21 00:17:43 - ERROR - DupeZ - _log_with_context:168 - Real device scan failed: 'EnhancedNetworkScanner' object has no attribute 'wait'
Exception: None

2025-08-21 00:18:13 - ERROR - DupeZ - _log_with_context:168 - Real device scan failed: 'EnhancedNetworkScanner' object has no attribute 'wait'
Exception: None

2025-08-21 00:18:43 - ERROR - DupeZ - _log_with_context:168 - Real device scan failed: 'EnhancedNetworkScanner' object has no attribute 'wait'
Exception: None

2025-08-21 00:19:13 - ERROR - DupeZ - _log_with_context:168 - Real device scan failed: 'EnhancedNetworkScanner' object has no attribute 'wait'
Exception: None

2025-08-21 00:19:43 - ERROR - DupeZ - _log_with_context:168 - Real device scan failed: 'EnhancedNetworkScanner' object has no attribute 'wait'
Exception: None

2025-08-21 00:20:13 - ERROR - DupeZ - _log_with_context:168 - Real device scan failed: 'EnhancedNetworkScanner' object has no attribute 'wait'
Exception: None

2025-08-21 00:20:43 - ERROR - DupeZ - _log_with_context:168 - Real device scan failed: 'EnhancedNetworkScanner' object has no attribute 'wait'
Exception: None

2025-08-21 00:21:13 - ERROR - DupeZ - _log_with_context:168 - Real device scan failed: 'EnhancedNetworkScanner' object has no attribute 'wait'
Exception: None

2025-08-21 00:21:43 - ERROR - DupeZ - _log_with_context:168 - Real device scan failed: 'EnhancedNetworkScanner' object has no attribute 'wait'
Exception: None

2025-08-21 00:22:13 - ERROR - DupeZ - _log_with_context:168 - Real device scan failed: 'EnhancedNetworkScanner' object has no attribute 'wait'
Exception: None

2025-08-21 00:22:14 - ERROR - DupeZ - _log_with_context:168 - Clumsy process failed to start for 192.168.1.101
Exception: None

2025-08-21 00:22:14 - ERROR - DupeZ - _log_with_context:168 - stdout: None
Exception: None

2025-08-21 00:22:14 - ERROR - DupeZ - _log_with_context:168 - stderr: The system cannot find the path specified.

Exception: None

2025-08-21 00:22:14 - ERROR - DupeZ - _log_with_context:168 - Alternative Clumsy execution failed: [WinError 2] The system cannot find the file specified
Exception: None

2025-08-21 00:22:43 - ERROR - DupeZ - _log_with_context:168 - Real device scan failed: 'EnhancedNetworkScanner' object has no attribute 'wait'
Exception: None

2025-08-21 00:23:13 - ERROR - DupeZ - _log_with_context:168 - Real device scan failed: 'EnhancedNetworkScanner' object has no attribute 'wait'
Exception: None

2025-08-21 00:23:43 - ERROR - DupeZ - _log_with_context:168 - Real device scan failed: 'EnhancedNetworkScanner' object has no attribute 'wait'
Exception: None

2025-08-21 00:24:13 - ERROR - DupeZ - _log_with_context:168 - Real device scan failed: 'EnhancedNetworkScanner' object has no attribute 'wait'
Exception: None

2025-08-21 00:24:43 - ERROR - DupeZ - _log_with_context:168 - Real device scan failed: 'EnhancedNetworkScanner' object has no attribute 'wait'
Exception: None

2025-08-21 00:25:13 - ERROR - DupeZ - _log_with_context:168 - Real device scan failed: 'EnhancedNetworkScanner' object has no attribute 'wait'
Exception: None

2025-08-21 00:25:43 - ERROR - DupeZ - _log_with_context:168 - Real device scan failed: 'EnhancedNetworkScanner' object has no attribute 'wait'
Exception: None

2025-08-21 00:26:13 - ERROR - DupeZ - _log_with_context:168 - Real device scan failed: 'EnhancedNetworkScanner' object has no attribute 'wait'
Exception: None

2025-08-21 00:26:43 - ERROR - DupeZ - _log_with_context:168 - Real device scan failed: 'EnhancedNetworkScanner' object has no attribute 'wait'
Exception: None

2025-08-21 00:27:13 - ERROR - DupeZ - _log_with_context:168 - Real device scan failed: 'EnhancedNetworkScanner' object has no attribute 'wait'
Exception: None

2025-08-21 00:27:43 - ERROR - DupeZ - _log_with_context:168 - Real device scan failed: 'EnhancedNetworkScanner' object has no attribute 'wait'
Exception: None

2025-08-21 00:28:13 - ERROR - DupeZ - _log_with_context:168 - Real device scan failed: 'EnhancedNetworkScanner' object has no attribute 'wait'
Exception: None

2025-08-21 00:28:43 - ERROR - DupeZ - _log_with_context:168 - Real device scan failed: 'EnhancedNetworkScanner' object has no attribute 'wait'
Exception: None

2025-08-21 00:29:13 - ERROR - DupeZ - _log_with_context:168 - Real device scan failed: 'EnhancedNetworkScanner' object has no attribute 'wait'
Exception: None

2025-08-21 00:29:43 - ERROR - DupeZ - _log_with_context:168 - Real device scan failed: 'EnhancedNetworkScanner' object has no attribute 'wait'
Exception: None

2025-08-21 00:30:13 - ERROR - DupeZ - _log_with_context:168 - Real device scan failed: 'EnhancedNetworkScanner' object has no attribute 'wait'
Exception: None

2025-08-21 00:30:43 - ERROR - DupeZ - _log_with_context:168 - Real device scan failed: 'EnhancedNetworkScanner' object has no attribute 'wait'
Exception: None

2025-08-21 00:31:13 - ERROR - DupeZ - _log_with_context:168 - Real device scan failed: 'EnhancedNetworkScanner' object has no attribute 'wait'
Exception: None

2025-08-21 00:31:43 - ERROR - DupeZ - _log_with_context:168 - Real device scan failed: 'EnhancedNetworkScanner' object has no attribute 'wait'
Exception: None

2025-08-21 00:32:13 - ERROR - DupeZ - _log_with_context:168 - Real device scan failed: 'EnhancedNetworkScanner' object has no attribute 'wait'
Exception: None

2025-08-21 00:32:43 - ERROR - DupeZ - _log_with_context:168 - Real device scan failed: 'EnhancedNetworkScanner' object has no attribute 'wait'
Exception: None

2025-08-21 00:33:13 - ERROR - DupeZ - _log_with_context:168 - Real device scan failed: 'EnhancedNetworkScanner' object has no attribute 'wait'
Exception: None

2025-08-21 00:33:43 - ERROR - DupeZ - _log_with_context:168 - Real device scan failed: 'EnhancedNetworkScanner' object has no attribute 'wait'
Exception: None

2025-08-21 00:34:13 - ERROR - DupeZ - _log_with_context:168 - Real device scan failed: 'EnhancedNetworkScanner' object has no attribute 'wait'
Exception: None

2025-08-21 00:34:43 - ERROR - DupeZ - _log_with_context:168 - Real device scan failed: 'EnhancedNetworkScanner' object has no attribute 'wait'
Exception: None

2025-08-21 00:35:13 - ERROR - DupeZ - _log_with_context:168 - Real device scan failed: 'EnhancedNetworkScanner' object has no attribute 'wait'
Exception: None

2025-08-21 00:35:43 - ERROR - DupeZ - _log_with_context:168 - Real device scan failed: 'EnhancedNetworkScanner' object has no attribute 'wait'
Exception: None

2025-08-21 00:36:13 - ERROR - DupeZ - _log_with_context:168 - Real device scan failed: 'EnhancedNetworkScanner' object has no attribute 'wait'
Exception: None

2025-08-21 00:36:43 - ERROR - DupeZ - _log_with_context:168 - Real device scan failed: 'EnhancedNetworkScanner' object has no attribute 'wait'
Exception: None

2025-08-21 00:37:13 - ERROR - DupeZ - _log_with_context:168 - Real device scan failed: 'EnhancedNetworkScanner' object has no attribute 'wait'
Exception: None

2025-08-21 00:37:43 - ERROR - DupeZ - _log_with_context:168 - Real device scan failed: 'EnhancedNetworkScanner' object has no attribute 'wait'
Exception: None

2025-08-21 00:38:13 - ERROR - DupeZ - _log_with_context:168 - Real device scan failed: 'EnhancedNetworkScanner' object has no attribute 'wait'
Exception: None

2025-08-21 00:38:43 - ERROR - DupeZ - _log_with_context:168 - Real device scan failed: 'EnhancedNetworkScanner' object has no attribute 'wait'
Exception: None

2025-08-21 00:39:13 - ERROR - DupeZ - _log_with_context:168 - Real device scan failed: 'EnhancedNetworkScanner' object has no attribute 'wait'
Exception: None

2025-08-21 00:39:43 - ERROR - DupeZ - _log_with_context:168 - Real device scan failed: 'EnhancedNetworkScanner' object has no attribute 'wait'
Exception: None

2025-08-21 00:40:13 - ERROR - DupeZ - _log_with_context:168 - Real device scan failed: 'EnhancedNetworkScanner' object has no attribute 'wait'
Exception: None

2025-08-21 00:40:43 - ERROR - DupeZ - _log_with_context:168 - Real device scan failed: 'EnhancedNetworkScanner' object has no attribute 'wait'
Exception: None

2025-08-21 00:41:13 - ERROR - DupeZ - _log_with_context:168 - Real device scan failed: 'EnhancedNetworkScanner' object has no attribute 'wait'
Exception: None

2025-08-21 00:41:43 - ERROR - DupeZ - _log_with_context:168 - Real device scan failed: 'EnhancedNetworkScanner' object has no attribute 'wait'
Exception: None

2025-08-21 00:42:13 - ERROR - DupeZ - _log_with_context:168 - Real device scan failed: 'EnhancedNetworkScanner' object has no attribute 'wait'
Exception: None

2025-08-21 00:42:43 - ERROR - DupeZ - _log_with_context:168 - Real device scan failed: 'EnhancedNetworkScanner' object has no attribute 'wait'
Exception: None

2025-08-21 00:43:13 - ERROR - DupeZ - _log_with_context:168 - Real device scan failed: 'EnhancedNetworkScanner' object has no attribute 'wait'
Exception: None

2025-08-21 00:43:43 - ERROR - DupeZ - _log_with_context:168 - Real device scan failed: 'EnhancedNetworkScanner' object has no attribute 'wait'
Exception: None

2025-08-21 00:44:13 - ERROR - DupeZ - _log_with_context:168 - Real device scan failed: 'EnhancedNetworkScanner' object has no attribute 'wait'
Exception: None

2025-08-21 00:44:43 - ERROR - DupeZ - _log_with_context:168 - Real device scan failed: 'EnhancedNetworkScanner' object has no attribute 'wait'
Exception: None

2025-08-21 00:45:13 - ERROR - DupeZ - _log_with_context:168 - Real device scan failed: 'EnhancedNetworkScanner' object has no attribute 'wait'
Exception: None

2025-08-21 00:45:43 - ERROR - DupeZ - _log_with_context:168 - Real device scan failed: 'EnhancedNetworkScanner' object has no attribute 'wait'
Exception: None

2025-08-21 00:46:13 - ERROR - DupeZ - _log_with_context:168 - Real device scan failed: 'EnhancedNetworkScanner' object has no attribute 'wait'
Exception: None

2025-08-21 00:46:43 - ERROR - DupeZ - _log_with_context:168 - Real device scan failed: 'EnhancedNetworkScanner' object has no attribute 'wait'
Exception: None

2025-08-21 00:47:13 - ERROR - DupeZ - _log_with_context:168 - Real device scan failed: 'EnhancedNetworkScanner' object has no attribute 'wait'
Exception: None

2025-08-21 00:47:43 - ERROR - DupeZ - _log_with_context:168 - Real device scan failed: 'EnhancedNetworkScanner' object has no attribute 'wait'
Exception: None

2025-08-21 00:48:13 - ERROR - DupeZ - _log_with_context:168 - Real device scan failed: 'EnhancedNetworkScanner' object has no attribute 'wait'
Exception: None

2025-08-21 00:48:43 - ERROR - DupeZ - _log_with_context:168 - Real device scan failed: 'EnhancedNetworkScanner' object has no attribute 'wait'
Exception: None

2025-08-21 00:49:14 - ERROR - DupeZ - _log_with_context:168 - Real device scan failed: 'EnhancedNetworkScanner' object has no attribute 'wait'
Exception: None

2025-08-21 00:49:44 - ERROR - DupeZ - _log_with_context:168 - Real device scan failed: 'EnhancedNetworkScanner' object has no attribute 'wait'
Exception: None

2025-08-21 00:50:14 - ERROR - DupeZ - _log_with_context:168 - Real device scan failed: 'EnhancedNetworkScanner' object has no attribute 'wait'
Exception: None

2025-08-21 00:50:44 - ERROR - DupeZ - _log_with_context:168 - Real device scan failed: 'EnhancedNetworkScanner' object has no attribute 'wait'
Exception: None

2025-08-21 00:51:14 - ERROR - DupeZ - _log_with_context:168 - Real device scan failed: 'EnhancedNetworkScanner' object has no attribute 'wait'
Exception: None

2025-08-21 00:51:44 - ERROR - DupeZ - _log_with_context:168 - Real device scan failed: 'EnhancedNetworkScanner' object has no attribute 'wait'
Exception: None

2025-08-21 00:52:14 - ERROR - DupeZ - _log_with_context:168 - Real device scan failed: 'EnhancedNetworkScanner' object has no attribute 'wait'
Exception: None

2025-08-21 00:52:44 - ERROR - DupeZ - _log_with_context:168 - Real device scan failed: 'EnhancedNetworkScanner' object has no attribute 'wait'
Exception: None

2025-08-21 00:53:14 - ERROR - DupeZ - _log_with_context:168 - Real device scan failed: 'EnhancedNetworkScanner' object has no attribute 'wait'
Exception: None

2025-08-21 00:53:44 - ERROR - DupeZ - _log_with_context:168 - Real device scan failed: 'EnhancedNetworkScanner' object has no attribute 'wait'
Exception: None

2025-08-21 00:54:46 - ERROR - DupeZ - _log_with_context:168 - WinDivert.dll not found at: C:\Users\Owner\AppData\Local\Temp\_MEI470162\app\firewall\WinDivert.dll
Exception: None

2025-08-21 00:54:46 - ERROR - DupeZ - _log_with_context:168 - WinDivert64.sys not found at: C:\Users\Owner\AppData\Local\Temp\_MEI470162\app\firewall\WinDivert64.sys
Exception: None

2025-08-21 00:54:46 - ERROR - DupeZ - _log_with_context:168 - clumsy.exe not found at: C:\Users\Owner\AppData\Local\Temp\_MEI470162\app\firewall\clumsy.exe
Exception: None

2025-08-21 00:54:54 - ERROR - DupeZ - _log_with_context:168 - Real device scan failed: 'EnhancedNetworkScanner' object has no attribute 'wait'
Exception: None

2025-08-21 00:54:54 - ERROR - DupeZ - _log_with_context:168 - Theme file not found: app/themes\light.qss
Exception: None

2025-08-21 00:54:54 - ERROR - DupeZ - _log_with_context:168 - Theme file not found: app/themes\dark.qss
Exception: None

2025-08-21 00:54:54 - ERROR - DupeZ - _log_with_context:168 - Theme file not found: app/themes\hacker.qss
Exception: None

2025-08-21 00:54:54 - ERROR - DupeZ - _log_with_context:168 - Theme file not found: app/themes\rainbow.qss
Exception: None

2025-08-21 00:54:54 - ERROR - DupeZ - _log_with_context:168 - Theme not found: dark
Exception: None

2025-08-21 00:54:54 - ERROR - DupeZ - _log_with_context:168 - Failed to apply default theme
Exception: None

2025-08-21 00:54:54 - ERROR - DupeZ - _log_with_context:168 - Failed to apply fallback theme: [Errno 2] No such file or directory: 'app/themes/dark.qss'
Exception: None

2025-08-21 00:54:56 - ERROR - DupeZ - _log_with_context:168 - Failed to load tips: [Errno 2] No such file or directory: 'app/config/dayz_tips_tricks.json'
Exception: None

2025-08-21 00:55:24 - ERROR - DupeZ - _log_with_context:168 - Real device scan failed: 'EnhancedNetworkScanner' object has no attribute 'wait'
Exception: None

2025-08-21 00:55:54 - ERROR - DupeZ - _log_with_context:168 - Real device scan failed: 'EnhancedNetworkScanner' object has no attribute 'wait'
Exception: None

2025-08-21 00:56:24 - ERROR - DupeZ - _log_with_context:168 - Real device scan failed: 'EnhancedNetworkScanner' object has no attribute 'wait'
Exception: None

2025-08-21 00:56:54 - ERROR - DupeZ - _log_with_context:168 - Real device scan failed: 'EnhancedNetworkScanner' object has no attribute 'wait'
Exception: None

2025-08-21 00:57:24 - ERROR - DupeZ - _log_with_context:168 - Real device scan failed: 'EnhancedNetworkScanner' object has no attribute 'wait'
Exception: None

2025-08-21 00:57:54 - ERROR - DupeZ - _log_with_context:168 - Real device scan failed: 'EnhancedNetworkScanner' object has no attribute 'wait'
Exception: None

2025-08-21 00:58:24 - ERROR - DupeZ - _log_with_context:168 - Real device scan failed: 'EnhancedNetworkScanner' object has no attribute 'wait'
Exception: None

2025-08-21 00:58:54 - ERROR - DupeZ - _log_with_context:168 - Real device scan failed: 'EnhancedNetworkScanner' object has no attribute 'wait'
Exception: None

2025-08-21 00:59:24 - ERROR - DupeZ - _log_with_context:168 - Real device scan failed: 'EnhancedNetworkScanner' object has no attribute 'wait'
Exception: None

2025-08-21 00:59:54 - ERROR - DupeZ - _log_with_context:168 - Real device scan failed: 'EnhancedNetworkScanner' object has no attribute 'wait'
Exception: None

2025-08-21 01:00:24 - ERROR - DupeZ - _log_with_context:168 - Real device scan failed: 'EnhancedNetworkScanner' object has no attribute 'wait'
Exception: None

2025-08-21 01:00:54 - ERROR - DupeZ - _log_with_context:168 - Real device scan failed: 'EnhancedNetworkScanner' object has no attribute 'wait'
Exception: None

2025-08-21 01:01:24 - ERROR - DupeZ - _log_with_context:168 - Real device scan failed: 'EnhancedNetworkScanner' object has no attribute 'wait'
Exception: None

2025-08-21 01:01:54 - ERROR - DupeZ - _log_with_context:168 - Real device scan failed: 'EnhancedNetworkScanner' object has no attribute 'wait'
Exception: None

2025-08-21 01:02:24 - ERROR - DupeZ - _log_with_context:168 - Real device scan failed: 'EnhancedNetworkScanner' object has no attribute 'wait'
Exception: None

2025-08-21 01:02:54 - ERROR - DupeZ - _log_with_context:168 - Real device scan failed: 'EnhancedNetworkScanner' object has no attribute 'wait'
Exception: None

2025-08-21 01:03:24 - ERROR - DupeZ - _log_with_context:168 - Real device scan failed: 'EnhancedNetworkScanner' object has no attribute 'wait'
Exception: None

2025-08-21 01:03:54 - ERROR - DupeZ - _log_with_context:168 - Real device scan failed: 'EnhancedNetworkScanner' object has no attribute 'wait'
Exception: None

2025-08-21 01:04:24 - ERROR - DupeZ - _log_with_context:168 - Real device scan failed: 'EnhancedNetworkScanner' object has no attribute 'wait'
Exception: None

2025-08-21 01:04:54 - ERROR - DupeZ - _log_with_context:168 - Real device scan failed: 'EnhancedNetworkScanner' object has no attribute 'wait'
Exception: None

2025-08-21 01:05:24 - ERROR - DupeZ - _log_with_context:168 - Real device scan failed: 'EnhancedNetworkScanner' object has no attribute 'wait'
Exception: None

2025-08-21 01:05:54 - ERROR - DupeZ - _log_with_context:168 - Real device scan failed: 'EnhancedNetworkScanner' object has no attribute 'wait'
Exception: None

2025-08-21 01:06:24 - ERROR - DupeZ - _log_with_context:168 - Real device scan failed: 'EnhancedNetworkScanner' object has no attribute 'wait'
Exception: None

2025-08-21 01:06:54 - ERROR - DupeZ - _log_with_context:168 - Real device scan failed: 'EnhancedNetworkScanner' object has no attribute 'wait'
Exception: None

2025-08-21 01:07:24 - ERROR - DupeZ - _log_with_context:168 - Real device scan failed: 'EnhancedNetworkScanner' object has no attribute 'wait'
Exception: None

2025-08-21 01:07:54 - ERROR - DupeZ - _log_with_context:168 - Real device scan failed: 'EnhancedNetworkScanner' object has no attribute 'wait'
Exception: None

2025-08-21 01:08:24 - ERROR - DupeZ - _log_with_context:168 - Real device scan failed: 'EnhancedNetworkScanner' object has no attribute 'wait'
Exception: None

2025-08-21 01:08:54 - ERROR - DupeZ - _log_with_context:168 - Real device scan failed: 'EnhancedNetworkScanner' object has no attribute 'wait'
Exception: None

2025-08-21 01:09:24 - ERROR - DupeZ - _log_with_context:168 - Real device scan failed: 'EnhancedNetworkScanner' object has no attribute 'wait'
Exception: None

2025-08-21 01:09:54 - ERROR - DupeZ - _log_with_context:168 - Real device scan failed: 'EnhancedNetworkScanner' object has no attribute 'wait'
Exception: None

2025-08-21 01:10:24 - ERROR - DupeZ - _log_with_context:168 - Real device scan failed: 'EnhancedNetworkScanner' object has no attribute 'wait'
Exception: None

2025-08-21 01:10:54 - ERROR - DupeZ - _log_with_context:168 - Real device scan failed: 'EnhancedNetworkScanner' object has no attribute 'wait'
Exception: None

2025-08-21 01:11:24 - ERROR - DupeZ - _log_with_context:168 - Real device scan failed: 'EnhancedNetworkScanner' object has no attribute 'wait'
Exception: None

2025-08-21 01:11:54 - ERROR - DupeZ - _log_with_context:168 - Real device scan failed: 'EnhancedNetworkScanner' object has no attribute 'wait'
Exception: None

2025-08-21 01:12:24 - ERROR - DupeZ - _log_with_context:168 - Real device scan failed: 'EnhancedNetworkScanner' object has no attribute 'wait'
Exception: None

2025-08-21 01:12:54 - ERROR - DupeZ - _log_with_context:168 - Real device scan failed: 'EnhancedNetworkScanner' object has no attribute 'wait'
Exception: None

2025-08-21 01:13:24 - ERROR - DupeZ - _log_with_context:168 - Real device scan failed: 'EnhancedNetworkScanner' object has no attribute 'wait'
Exception: None

2025-08-21 01:13:54 - ERROR - DupeZ - _log_with_context:168 - Real device scan failed: 'EnhancedNetworkScanner' object has no attribute 'wait'
Exception: None

2025-08-21 01:14:24 - ERROR - DupeZ - _log_with_context:168 - Real device scan failed: 'EnhancedNetworkScanner' object has no attribute 'wait'
Exception: None

2025-08-21 01:14:54 - ERROR - DupeZ - _log_with_context:168 - Real device scan failed: 'EnhancedNetworkScanner' object has no attribute 'wait'
Exception: None

2025-08-21 01:15:24 - ERROR - DupeZ - _log_with_context:168 - Real device scan failed: 'EnhancedNetworkScanner' object has no attribute 'wait'
Exception: None

2025-08-21 01:15:54 - ERROR - DupeZ - _log_with_context:168 - Real device scan failed: 'EnhancedNetworkScanner' object has no attribute 'wait'
Exception: None

2025-08-21 01:16:24 - ERROR - DupeZ - _log_with_context:168 - Real device scan failed: 'EnhancedNetworkScanner' object has no attribute 'wait'
Exception: None

2025-08-21 01:16:54 - ERROR - DupeZ - _log_with_context:168 - Real device scan failed: 'EnhancedNetworkScanner' object has no attribute 'wait'
Exception: None

2025-08-21 01:17:24 - ERROR - DupeZ - _log_with_context:168 - Real device scan failed: 'EnhancedNetworkScanner' object has no attribute 'wait'
Exception: None

2025-08-21 01:17:54 - ERROR - DupeZ - _log_with_context:168 - Real device scan failed: 'EnhancedNetworkScanner' object has no attribute 'wait'
Exception: None

2025-08-21 01:18:24 - ERROR - DupeZ - _log_with_context:168 - Real device scan failed: 'EnhancedNetworkScanner' object has no attribute 'wait'
Exception: None

2025-08-21 01:18:54 - ERROR - DupeZ - _log_with_context:168 - Real device scan failed: 'EnhancedNetworkScanner' object has no attribute 'wait'
Exception: None

2025-08-21 01:19:24 - ERROR - DupeZ - _log_with_context:168 - Real device scan failed: 'EnhancedNetworkScanner' object has no attribute 'wait'
Exception: None

2025-08-21 01:19:54 - ERROR - DupeZ - _log_with_context:168 - Real device scan failed: 'EnhancedNetworkScanner' object has no attribute 'wait'
Exception: None

2025-08-21 01:20:49 - ERROR - DupeZ - _log_with_context:168 - WinDivert.dll not found at: C:\Users\Owner\AppData\Local\Temp\_MEI50082\app\firewall\WinDivert.dll
Exception: None

2025-08-21 01:20:49 - ERROR - DupeZ - _log_with_context:168 - WinDivert64.sys not found at: C:\Users\Owner\AppData\Local\Temp\_MEI50082\app\firewall\WinDivert64.sys
Exception: None

2025-08-21 01:20:49 - ERROR - DupeZ - _log_with_context:168 - clumsy.exe not found at: C:\Users\Owner\AppData\Local\Temp\_MEI50082\app\firewall\clumsy.exe
Exception: None

2025-08-21 01:20:57 - ERROR - DupeZ - _log_with_context:168 - Real device scan failed: 'EnhancedNetworkScanner' object has no attribute 'wait'
Exception: None

2025-08-21 01:20:57 - ERROR - DupeZ - _log_with_context:168 - Theme file not found: app/themes\light.qss
Exception: None

2025-08-21 01:20:57 - ERROR - DupeZ - _log_with_context:168 - Theme file not found: app/themes\dark.qss
Exception: None

2025-08-21 01:20:57 - ERROR - DupeZ - _log_with_context:168 - Theme file not found: app/themes\hacker.qss
Exception: None

2025-08-21 01:20:57 - ERROR - DupeZ - _log_with_context:168 - Theme file not found: app/themes\rainbow.qss
Exception: None

2025-08-21 01:20:57 - ERROR - DupeZ - _log_with_context:168 - Theme not found: dark
Exception: None

2025-08-21 01:20:57 - ERROR - DupeZ - _log_with_context:168 - Failed to apply default theme
Exception: None

2025-08-21 01:20:57 - ERROR - DupeZ - _log_with_context:168 - Failed to apply fallback theme: [Errno 2] No such file or directory: 'app/themes/dark.qss'
Exception: None

2025-08-21 01:21:01 - ERROR - DupeZ - _log_with_context:168 - Failed to load tips: [Errno 2] No such file or directory: 'app/config/dayz_tips_tricks.json'
Exception: None

2025-08-21 01:21:27 - ERROR - DupeZ - _log_with_context:168 - Real device scan failed: 'EnhancedNetworkScanner' object has no attribute 'wait'
Exception: None

2025-08-21 01:21:57 - ERROR - DupeZ - _log_with_context:168 - Real device scan failed: 'EnhancedNetworkScanner' object has no attribute 'wait'
Exception: None

2025-08-21 01:22:27 - ERROR - DupeZ - _log_with_context:168 - Real device scan failed: 'EnhancedNetworkScanner' object has no attribute 'wait'
Exception: None

2025-08-21 01:22:57 - ERROR - DupeZ - _log_with_context:168 - Real device scan failed: 'EnhancedNetworkScanner' object has no attribute 'wait'
Exception: None

2025-08-21 01:23:27 - ERROR - DupeZ - _log_with_context:168 - Real device scan failed: 'EnhancedNetworkScanner' object has no attribute 'wait'
Exception: None

2025-08-21 01:23:57 - ERROR - DupeZ - _log_with_context:168 - Real device scan failed: 'EnhancedNetworkScanner' object has no attribute 'wait'
Exception: None

2025-08-21 01:24:27 - ERROR - DupeZ - _log_with_context:168 - Real device scan failed: 'EnhancedNetworkScanner' object has no attribute 'wait'
Exception: None

2025-08-21 01:36:49 - ERROR - DupeZ - _log_with_context:168 - WinDivert.dll not found at: C:\Users\Owner\AppData\Local\Temp\_MEI472682\app\firewall\WinDivert.dll
Exception: None

2025-08-21 01:36:49 - ERROR - DupeZ - _log_with_context:168 - WinDivert64.sys not found at: C:\Users\Owner\AppData\Local\Temp\_MEI472682\app\firewall\WinDivert64.sys
Exception: None

2025-08-21 01:36:49 - ERROR - DupeZ - _log_with_context:168 - clumsy.exe not found at: C:\Users\Owner\AppData\Local\Temp\_MEI472682\app\firewall\clumsy.exe
Exception: None

2025-08-21 01:36:58 - ERROR - DupeZ - _log_with_context:168 - Real device scan failed: 'EnhancedNetworkScanner' object has no attribute 'wait'
Exception: None

2025-08-21 01:36:58 - ERROR - DupeZ - _log_with_context:168 - Theme file not found: app/themes\light.qss
Exception: None

2025-08-21 01:36:58 - ERROR - DupeZ - _log_with_context:168 - Theme file not found: app/themes\dark.qss
Exception: None

2025-08-21 01:36:58 - ERROR - DupeZ - _log_with_context:168 - Theme file not found: app/themes\hacker.qss
Exception: None

2025-08-21 01:36:58 - ERROR - DupeZ - _log_with_context:168 - Theme file not found: app/themes\rainbow.qss
Exception: None

2025-08-21 01:36:58 - ERROR - DupeZ - _log_with_context:168 - Theme not found: dark
Exception: None

2025-08-21 01:36:58 - ERROR - DupeZ - _log_with_context:168 - Failed to apply default theme
Exception: None

2025-08-21 01:36:58 - ERROR - DupeZ - _log_with_context:168 - Failed to apply fallback theme: [Errno 2] No such file or directory: 'app/themes/dark.qss'
Exception: None

2025-08-21 01:36:59 - ERROR - DupeZ - _log_with_context:168 - Failed to load tips: [Errno 2] No such file or directory: 'app/config/dayz_tips_tricks.json'
Exception: None

2025-08-21 01:45:08 - ERROR - DupeZ - _log_with_context:168 - WinDivert.dll not found at: C:\Users\Owner\AppData\Local\Temp\_MEI643002\app\firewall\WinDivert.dll
Exception: None

2025-08-21 01:45:08 - ERROR - DupeZ - _log_with_context:168 - WinDivert64.sys not found at: C:\Users\Owner\AppData\Local\Temp\_MEI643002\app\firewall\WinDivert64.sys
Exception: None

2025-08-21 01:45:08 - ERROR - DupeZ - _log_with_context:168 - clumsy.exe not found at: C:\Users\Owner\AppData\Local\Temp\_MEI643002\app\firewall\clumsy.exe
Exception: None

2025-08-21 01:45:16 - ERROR - DupeZ - _log_with_context:168 - Theme file not found: app/themes\light.qss
Exception: None

2025-08-21 01:45:16 - ERROR - DupeZ - _log_with_context:168 - Real device scan failed: 'EnhancedNetworkScanner' object has no attribute 'wait'
Exception: None

2025-08-21 01:45:16 - ERROR - DupeZ - _log_with_context:168 - Theme file not found: app/themes\dark.qss
Exception: None

2025-08-21 01:45:16 - ERROR - DupeZ - _log_with_context:168 - Theme file not found: app/themes\hacker.qss
Exception: None

2025-08-21 01:45:16 - ERROR - DupeZ - _log_with_context:168 - Theme file not found: app/themes\rainbow.qss
Exception: None

2025-08-21 01:45:16 - ERROR - DupeZ - _log_with_context:168 - Theme not found: dark
Exception: None

2025-08-21 01:45:16 - ERROR - DupeZ - _log_with_context:168 - Failed to apply default theme
Exception: None

2025-08-21 01:45:16 - ERROR - DupeZ - _log_with_context:168 - Failed to apply fallback theme: [Errno 2] No such file or directory: 'app/themes/dark.qss'
Exception: None

2025-08-21 01:45:18 - ERROR - DupeZ - _log_with_context:168 - Failed to load tips: [Errno 2] No such file or directory: 'app/config/dayz_tips_tricks.json'
Exception: None

2025-08-21 01:45:46 - ERROR - DupeZ - _log_with_context:168 - Real device scan failed: 'EnhancedNetworkScanner' object has no attribute 'wait'
Exception: None

2025-08-21 01:51:42 - ERROR - DupeZ - _log_with_context:168 - WinDivert.dll not found at: C:\Users\Owner\AppData\Local\Temp\_MEI123322\app\firewall\WinDivert.dll
Exception: None

2025-08-21 01:51:42 - ERROR - DupeZ - _log_with_context:168 - WinDivert64.sys not found at: C:\Users\Owner\AppData\Local\Temp\_MEI123322\app\firewall\WinDivert64.sys
Exception: None

2025-08-21 01:51:42 - ERROR - DupeZ - _log_with_context:168 - clumsy.exe not found at: C:\Users\Owner\AppData\Local\Temp\_MEI123322\app\firewall\clumsy.exe
Exception: None

2025-08-21 01:51:50 - ERROR - DupeZ - _log_with_context:168 - Real device scan failed: 'EnhancedNetworkScanner' object has no attribute 'wait'
Exception: None

2025-08-21 01:51:50 - ERROR - DupeZ - _log_with_context:168 - Theme file not found: app/themes\light.qss
Exception: None

2025-08-21 01:51:50 - ERROR - DupeZ - _log_with_context:168 - Theme file not found: app/themes\dark.qss
Exception: None

2025-08-21 01:51:50 - ERROR - DupeZ - _log_with_context:168 - Theme file not found: app/themes\hacker.qss
Exception: None

2025-08-21 01:51:50 - ERROR - DupeZ - _log_with_context:168 - Theme file not found: app/themes\rainbow.qss
Exception: None

2025-08-21 01:51:50 - ERROR - DupeZ - _log_with_context:168 - Theme not found: dark
Exception: None

2025-08-21 01:51:50 - ERROR - DupeZ - _log_with_context:168 - Failed to apply default theme
Exception: None

2025-08-21 01:51:50 - ERROR - DupeZ - _log_with_context:168 - Failed to apply fallback theme: [Errno 2] No such file or directory: 'app/themes/dark.qss'
Exception: None

2025-08-21 01:51:51 - ERROR - DupeZ - _log_with_context:168 - Failed to load tips: [Errno 2] No such file or directory: 'app/config/dayz_tips_tricks.json'
Exception: None

2025-08-21 01:52:20 - ERROR - DupeZ - _log_with_context:168 - Real device scan failed: 'EnhancedNetworkScanner' object has no attribute 'wait'
Exception: None

2025-08-21 01:52:50 - ERROR - DupeZ - _log_with_context:168 - Real device scan failed: 'EnhancedNetworkScanner' object has no attribute 'wait'
Exception: None

2025-08-21 01:53:20 - ERROR - DupeZ - _log_with_context:168 - Real device scan failed: 'EnhancedNetworkScanner' object has no attribute 'wait'
Exception: None

2025-08-21 01:53:50 - ERROR - DupeZ - _log_with_context:168 - Real device scan failed: 'EnhancedNetworkScanner' object has no attribute 'wait'
Exception: None

2025-08-21 01:54:20 - ERROR - DupeZ - _log_with_context:168 - Real device scan failed: 'EnhancedNetworkScanner' object has no attribute 'wait'
Exception: None

2025-08-21 01:54:50 - ERROR - DupeZ - _log_with_context:168 - Real device scan failed: 'EnhancedNetworkScanner' object has no attribute 'wait'
Exception: None

2025-08-21 01:55:20 - ERROR - DupeZ - _log_with_context:168 - Real device scan failed: 'EnhancedNetworkScanner' object has no attribute 'wait'
Exception: None

2025-08-21 01:55:50 - ERROR - DupeZ - _log_with_context:168 - Real device scan failed: 'EnhancedNetworkScanner' object has no attribute 'wait'
Exception: None

2025-08-21 01:56:20 - ERROR - DupeZ - _log_with_context:168 - Real device scan failed: 'EnhancedNetworkScanner' object has no attribute 'wait'
Exception: None

2025-08-21 01:56:50 - ERROR - DupeZ - _log_with_context:168 - Real device scan failed: 'EnhancedNetworkScanner' object has no attribute 'wait'
Exception: None

2025-08-21 01:57:20 - ERROR - DupeZ - _log_with_context:168 - Real device scan failed: 'EnhancedNetworkScanner' object has no attribute 'wait'
Exception: None

2025-08-21 01:57:50 - ERROR - DupeZ - _log_with_context:168 - Real device scan failed: 'EnhancedNetworkScanner' object has no attribute 'wait'
Exception: None

2025-08-21 01:58:20 - ERROR - DupeZ - _log_with_context:168 - Real device scan failed: 'EnhancedNetworkScanner' object has no attribute 'wait'
Exception: None

2025-08-21 01:58:50 - ERROR - DupeZ - _log_with_context:168 - Real device scan failed: 'EnhancedNetworkScanner' object has no attribute 'wait'
Exception: None

2025-08-21 01:59:20 - ERROR - DupeZ - _log_with_context:168 - Real device scan failed: 'EnhancedNetworkScanner' object has no attribute 'wait'
Exception: None

2025-08-21 01:59:50 - ERROR - DupeZ - _log_with_context:168 - Real device scan failed: 'EnhancedNetworkScanner' object has no attribute 'wait'
Exception: None

2025-08-21 02:00:20 - ERROR - DupeZ - _log_with_context:168 - Real device scan failed: 'EnhancedNetworkScanner' object has no attribute 'wait'
Exception: None

2025-08-21 02:00:50 - ERROR - DupeZ - _log_with_context:168 - Real device scan failed: 'EnhancedNetworkScanner' object has no attribute 'wait'
Exception: None

2025-08-21 02:01:20 - ERROR - DupeZ - _log_with_context:168 - Real device scan failed: 'EnhancedNetworkScanner' object has no attribute 'wait'
Exception: None

2025-08-21 02:01:50 - ERROR - DupeZ - _log_with_context:168 - Real device scan failed: 'EnhancedNetworkScanner' object has no attribute 'wait'
Exception: None

2025-08-21 02:02:20 - ERROR - DupeZ - _log_with_context:168 - Real device scan failed: 'EnhancedNetworkScanner' object has no attribute 'wait'
Exception: None

2025-08-21 02:02:50 - ERROR - DupeZ - _log_with_context:168 - Real device scan failed: 'EnhancedNetworkScanner' object has no attribute 'wait'
Exception: None

2025-08-21 02:03:20 - ERROR - DupeZ - _log_with_context:168 - Real device scan failed: 'EnhancedNetworkScanner' object has no attribute 'wait'
Exception: None

2025-08-21 02:03:51 - ERROR - DupeZ - _log_with_context:168 - Real device scan failed: 'EnhancedNetworkScanner' object has no attribute 'wait'
Exception: None

2025-08-21 02:04:21 - ERROR - DupeZ - _log_with_context:168 - Real device scan failed: 'EnhancedNetworkScanner' object has no attribute 'wait'
Exception: None

2025-08-21 02:04:51 - ERROR - DupeZ - _log_with_context:168 - Real device scan failed: 'EnhancedNetworkScanner' object has no attribute 'wait'
Exception: None

2025-08-21 02:05:21 - ERROR - DupeZ - _log_with_context:168 - Real device scan failed: 'EnhancedNetworkScanner' object has no attribute 'wait'
Exception: None

2025-08-21 02:05:51 - ERROR - DupeZ - _log_with_context:168 - Real device scan failed: 'EnhancedNetworkScanner' object has no attribute 'wait'
Exception: None

2025-08-21 02:06:21 - ERROR - DupeZ - _log_with_context:168 - Real device scan failed: 'EnhancedNetworkScanner' object has no attribute 'wait'
Exception: None

2025-08-21 02:06:51 - ERROR - DupeZ - _log_with_context:168 - Real device scan failed: 'EnhancedNetworkScanner' object has no attribute 'wait'
Exception: None

2025-08-21 02:07:21 - ERROR - DupeZ - _log_with_context:168 - Real device scan failed: 'EnhancedNetworkScanner' object has no attribute 'wait'
Exception: None

2025-08-21 02:07:51 - ERROR - DupeZ - _log_with_context:168 - Real device scan failed: 'EnhancedNetworkScanner' object has no attribute 'wait'
Exception: None

2025-08-21 02:08:21 - ERROR - DupeZ - _log_with_context:168 - Real device scan failed: 'EnhancedNetworkScanner' object has no attribute 'wait'
Exception: None

2025-08-21 02:08:51 - ERROR - DupeZ - _log_with_context:168 - Real device scan failed: 'EnhancedNetworkScanner' object has no attribute 'wait'
Exception: None

2025-08-21 02:09:21 - ERROR - DupeZ - _log_with_context:168 - Real device scan failed: 'EnhancedNetworkScanner' object has no attribute 'wait'
Exception: None

2025-08-21 02:09:51 - ERROR - DupeZ - _log_with_context:168 - Real device scan failed: 'EnhancedNetworkScanner' object has no attribute 'wait'
Exception: None

2025-08-21 02:10:21 - ERROR - DupeZ - _log_with_context:168 - Real device scan failed: 'EnhancedNetworkScanner' object has no attribute 'wait'
Exception: None

2025-08-21 02:10:51 - ERROR - DupeZ - _log_with_context:168 - Real device scan failed: 'EnhancedNetworkScanner' object has no attribute 'wait'
Exception: None

2025-08-21 02:11:21 - ERROR - DupeZ - _log_with_context:168 - Real device scan failed: 'EnhancedNetworkScanner' object has no attribute 'wait'
Exception: None

2025-08-21 02:11:51 - ERROR - DupeZ - _log_with_context:168 - Real device scan failed: 'EnhancedNetworkScanner' object has no attribute 'wait'
Exception: None

2025-08-21 02:12:21 - ERROR - DupeZ - _log_with_context:168 - Real device scan failed: 'EnhancedNetworkScanner' object has no attribute 'wait'
Exception: None

2025-08-21 02:12:51 - ERROR - DupeZ - _log_with_context:168 - Real device scan failed: 'EnhancedNetworkScanner' object has no attribute 'wait'
Exception: None

2025-08-21 02:13:21 - ERROR - DupeZ - _log_with_context:168 - Real device scan failed: 'EnhancedNetworkScanner' object has no attribute 'wait'
Exception: None

2025-08-21 02:13:51 - ERROR - DupeZ - _log_with_context:168 - Real device scan failed: 'EnhancedNetworkScanner' object has no attribute 'wait'
Exception: None

2025-08-21 02:14:21 - ERROR - DupeZ - _log_with_context:168 - Real device scan failed: 'EnhancedNetworkScanner' object has no attribute 'wait'
Exception: None

2025-08-21 02:14:51 - ERROR - DupeZ - _log_with_context:168 - Real device scan failed: 'EnhancedNetworkScanner' object has no attribute 'wait'
Exception: None

2025-08-21 02:15:21 - ERROR - DupeZ - _log_with_context:168 - Real device scan failed: 'EnhancedNetworkScanner' object has no attribute 'wait'
Exception: None

2025-08-21 02:15:51 - ERROR - DupeZ - _log_with_context:168 - Real device scan failed: 'EnhancedNetworkScanner' object has no attribute 'wait'
Exception: None

2025-08-21 02:16:21 - ERROR - DupeZ - _log_with_context:168 - Real device scan failed: 'EnhancedNetworkScanner' object has no attribute 'wait'
Exception: None

2025-08-21 02:16:51 - ERROR - DupeZ - _log_with_context:168 - Real device scan failed: 'EnhancedNetworkScanner' object has no attribute 'wait'
Exception: None

2025-08-21 02:17:21 - ERROR - DupeZ - _log_with_context:168 - Real device scan failed: 'EnhancedNetworkScanner' object has no attribute 'wait'
Exception: None

2025-08-21 02:17:51 - ERROR - DupeZ - _log_with_context:168 - Real device scan failed: 'EnhancedNetworkScanner' object has no attribute 'wait'
Exception: None

2025-08-21 02:18:21 - ERROR - DupeZ - _log_with_context:168 - Real device scan failed: 'EnhancedNetworkScanner' object has no attribute 'wait'
Exception: None

2025-08-21 02:18:51 - ERROR - DupeZ - _log_with_context:168 - Real device scan failed: 'EnhancedNetworkScanner' object has no attribute 'wait'
Exception: None

2025-08-21 02:19:21 - ERROR - DupeZ - _log_with_context:168 - Real device scan failed: 'EnhancedNetworkScanner' object has no attribute 'wait'
Exception: None

2025-08-21 02:19:51 - ERROR - DupeZ - _log_with_context:168 - Real device scan failed: 'EnhancedNetworkScanner' object has no attribute 'wait'
Exception: None

2025-08-21 02:32:39 - ERROR - DupeZ - _log_with_context:168 - WinDivert.dll not found at: C:\Users\Owner\AppData\Local\Temp\_MEI639562\app\firewall\WinDivert.dll
Exception: None

2025-08-21 02:32:39 - ERROR - DupeZ - _log_with_context:168 - WinDivert64.sys not found at: C:\Users\Owner\AppData\Local\Temp\_MEI639562\app\firewall\WinDivert64.sys
Exception: None

2025-08-21 02:32:39 - ERROR - DupeZ - _log_with_context:168 - clumsy.exe not found at: C:\Users\Owner\AppData\Local\Temp\_MEI639562\app\firewall\clumsy.exe
Exception: None

2025-08-21 02:32:47 - ERROR - DupeZ - _log_with_context:168 - Real device scan failed: 'EnhancedNetworkScanner' object has no attribute 'wait'
Exception: None

2025-08-21 02:32:47 - ERROR - DupeZ - _log_with_context:168 - Theme file not found: app/themes\light.qss
Exception: None

2025-08-21 02:32:47 - ERROR - DupeZ - _log_with_context:168 - Theme file not found: app/themes\dark.qss
Exception: None

2025-08-21 02:32:47 - ERROR - DupeZ - _log_with_context:168 - Theme file not found: app/themes\hacker.qss
Exception: None

2025-08-21 02:32:47 - ERROR - DupeZ - _log_with_context:168 - Theme file not found: app/themes\rainbow.qss
Exception: None

2025-08-21 02:32:47 - ERROR - DupeZ - _log_with_context:168 - Theme not found: dark
Exception: None

2025-08-21 02:32:47 - ERROR - DupeZ - _log_with_context:168 - Failed to apply default theme
Exception: None

2025-08-21 02:32:47 - ERROR - DupeZ - _log_with_context:168 - Failed to apply fallback theme: [Errno 2] No such file or directory: 'app/themes/dark.qss'
Exception: None

2025-08-21 02:32:49 - ERROR - DupeZ - _log_with_context:168 - Failed to load tips: [Errno 2] No such file or directory: 'app/config/dayz_tips_tricks.json'
Exception: None

2025-08-21 02:33:17 - ERROR - DupeZ - _log_with_context:168 - Real device scan failed: 'EnhancedNetworkScanner' object has no attribute 'wait'
Exception: None

2025-08-21 16:09:02 - ERROR - DupeZ - _log_with_context:168 - WinDivert.dll not found at: C:\Users\Owner\AppData\Local\Temp\_MEI688442\app\firewall\WinDivert.dll
Exception: None

2025-08-21 16:09:02 - ERROR - DupeZ - _log_with_context:168 - WinDivert64.sys not found at: C:\Users\Owner\AppData\Local\Temp\_MEI688442\app\firewall\WinDivert64.sys
Exception: None

2025-08-21 16:09:02 - ERROR - DupeZ - _log_with_context:168 - clumsy.exe not found at: C:\Users\Owner\AppData\Local\Temp\_MEI688442\app\firewall\clumsy.exe
Exception: None

2025-08-21 16:09:11 - ERROR - DupeZ - _log_with_context:168 - Real device scan failed: 'EnhancedNetworkScanner' object has no attribute 'wait'
Exception: None

2025-08-21 16:09:11 - ERROR - DupeZ - _log_with_context:168 - Theme file not found: app/themes\light.qss
Exception: None

2025-08-21 16:09:11 - ERROR - DupeZ - _log_with_context:168 - Theme file not found: app/themes\dark.qss
Exception: None

2025-08-21 16:09:11 - ERROR - DupeZ - _log_with_context:168 - Theme file not found: app/themes\hacker.qss
Exception: None

2025-08-21 16:09:11 - ERROR - DupeZ - _log_with_context:168 - Theme file not found: app/themes\rainbow.qss
Exception: None

2025-08-21 16:09:11 - ERROR - DupeZ - _log_with_context:168 - Theme not found: dark
Exception: None

2025-08-21 16:09:11 - ERROR - DupeZ - _log_with_context:168 - Failed to apply default theme
Exception: None

2025-08-21 16:09:11 - ERROR - DupeZ - _log_with_context:168 - Failed to apply fallback theme: [Errno 2] No such file or directory: 'app/themes/dark.qss'
Exception: None

2025-08-21 16:09:15 - ERROR - DupeZ - _log_with_context:168 - Failed to load tips: [Errno 2] No such file or directory: 'app/config/dayz_tips_tricks.json'
Exception: None

2025-08-21 16:09:41 - ERROR - DupeZ - _log_with_context:168 - Real device scan failed: 'EnhancedNetworkScanner' object has no attribute 'wait'
Exception: None

2025-08-21 16:10:11 - ERROR - DupeZ - _log_with_context:168 - Real device scan failed: 'EnhancedNetworkScanner' object has no attribute 'wait'
Exception: None

2025-08-21 16:10:41 - ERROR - DupeZ - _log_with_context:168 - Real device scan failed: 'EnhancedNetworkScanner' object has no attribute 'wait'
Exception: None

2025-08-21 16:11:11 - ERROR - DupeZ - _log_with_context:168 - Real device scan failed: 'EnhancedNetworkScanner' object has no attribute 'wait'
Exception: None

2025-08-21 16:11:41 - ERROR - DupeZ - _log_with_context:168 - Real device scan failed: 'EnhancedNetworkScanner' object has no attribute 'wait'
Exception: None

2025-08-21 16:12:11 - ERROR - DupeZ - _log_with_context:168 - Real device scan failed: 'EnhancedNetworkScanner' object has no attribute 'wait'
Exception: None

2025-08-21 16:12:41 - ERROR - DupeZ - _log_with_context:168 - Real device scan failed: 'EnhancedNetworkScanner' object has no attribute 'wait'
Exception: None

2025-08-26 12:07:22 - ERROR - DupeZ - _log_with_context:168 - WinDivert.dll not found at: C:\Users\Owner\AppData\Local\Temp\_MEI490122\app\firewall\WinDivert.dll
Exception: None

2025-08-26 12:07:22 - ERROR - DupeZ - _log_with_context:168 - WinDivert64.sys not found at: C:\Users\Owner\AppData\Local\Temp\_MEI490122\app\firewall\WinDivert64.sys
Exception: None

2025-08-26 12:07:22 - ERROR - DupeZ - _log_with_context:168 - clumsy.exe not found at: C:\Users\Owner\AppData\Local\Temp\_MEI490122\app\firewall\clumsy.exe
Exception: None

2025-08-26 12:07:30 - ERROR - DupeZ - _log_with_context:168 - Real device scan failed: 'EnhancedNetworkScanner' object has no attribute 'wait'
Exception: None

2025-08-26 12:07:30 - ERROR - DupeZ - _log_with_context:168 - Theme file not found: app/themes\light.qss
Exception: None

2025-08-26 12:07:30 - ERROR - DupeZ - _log_with_context:168 - Theme file not found: app/themes\dark.qss
Exception: None

2025-08-26 12:07:30 - ERROR - DupeZ - _log_with_context:168 - Theme file not found: app/themes\hacker.qss
Exception: None

2025-08-26 12:07:30 - ERROR - DupeZ - _log_with_context:168 - Theme file not found: app/themes\rainbow.qss
Exception: None

2025-08-26 12:07:30 - ERROR - DupeZ - _log_with_context:168 - Theme not found: dark
Exception: None

2025-08-26 12:07:30 - ERROR - DupeZ - _log_with_context:168 - Failed to apply default theme
Exception: None

2025-08-26 12:07:30 - ERROR - DupeZ - _log_with_context:168 - Failed to apply fallback theme: [Errno 2] No such file or directory: 'app/themes/dark.qss'
Exception: None

2025-08-26 12:07:33 - ERROR - DupeZ - _log_with_context:168 - Failed to load tips: [Errno 2] No such file or directory: 'app/config/dayz_tips_tricks.json'
Exception: None

2025-08-26 12:08:00 - ERROR - DupeZ - _log_with_context:168 - Real device scan failed: 'EnhancedNetworkScanner' object has no attribute 'wait'
Exception: None

2025-08-26 12:08:30 - ERROR - DupeZ - _log_with_context:168 - Real device scan failed: 'EnhancedNetworkScanner' object has no attribute 'wait'
Exception: None

2025-08-26 12:08:54 - ERROR - DupeZ - _log_with_context:168 - Invalid target IP: 127.0.0.1
Exception: None

2025-08-26 12:09:00 - ERROR - DupeZ - _log_with_context:168 - Real device scan failed: 'EnhancedNetworkScanner' object has no attribute 'wait'
Exception: None

2025-08-26 12:09:05 - ERROR - DupeZ - _log_with_context:168 - Invalid target IP: 127.0.0.1
Exception: None

2025-08-26 12:09:15 - ERROR - DupeZ - _log_with_context:168 - Invalid target IP: 127.0.0.1
Exception: None

2025-08-26 12:09:25 - ERROR - DupeZ - _log_with_context:168 - Invalid target IP: 127.0.0.1
Exception: None

2025-08-26 12:09:30 - ERROR - DupeZ - _log_with_context:168 - Real device scan failed: 'EnhancedNetworkScanner' object has no attribute 'wait'
Exception: None

2025-08-26 12:09:35 - ERROR - DupeZ - _log_with_context:168 - Invalid target IP: 127.0.0.1
Exception: None

2025-08-26 12:09:45 - ERROR - DupeZ - _log_with_context:168 - Invalid target IP: 127.0.0.1
Exception: None

2025-08-26 12:09:55 - ERROR - DupeZ - _log_with_context:168 - Invalid target IP: 127.0.0.1
Exception: None

2025-08-26 12:10:00 - ERROR - DupeZ - _log_with_context:168 - Real device scan failed: 'EnhancedNetworkScanner' object has no attribute 'wait'
Exception: None

2025-08-26 12:10:05 - ERROR - DupeZ - _log_with_context:168 - Invalid target IP: 127.0.0.1
Exception: None

2025-08-26 12:10:15 - ERROR - DupeZ - _log_with_context:168 - Invalid target IP: 127.0.0.1
Exception: None

2025-08-26 12:10:25 - ERROR - DupeZ - _log_with_context:168 - Invalid target IP: 127.0.0.1
Exception: None

2025-08-26 12:10:30 - ERROR - DupeZ - _log_with_context:168 - Real device scan failed: 'EnhancedNetworkScanner' object has no attribute 'wait'
Exception: None

2025-08-26 12:10:35 - ERROR - DupeZ - _log_with_context:168 - Invalid target IP: 127.0.0.1
Exception: None

2025-08-26 12:10:45 - ERROR - DupeZ - _log_with_context:168 - Invalid target IP: 127.0.0.1
Exception: None

2025-08-26 12:10:55 - ERROR - DupeZ - _log_with_context:168 - Invalid target IP: 127.0.0.1
Exception: None

2025-08-26 12:11:00 - ERROR - DupeZ - _log_with_context:168 - Real device scan failed: 'EnhancedNetworkScanner' object has no attribute 'wait'
Exception: None

2025-08-26 12:11:05 - ERROR - DupeZ - _log_with_context:168 - Invalid target IP: 127.0.0.1
Exception: None

2025-08-26 12:11:15 - ERROR - DupeZ - _log_with_context:168 - Invalid target IP: 127.0.0.1
Exception: None

2025-08-26 12:11:25 - ERROR - DupeZ - _log_with_context:168 - Invalid target IP: 127.0.0.1
Exception: None

2025-08-26 12:11:30 - ERROR - DupeZ - _log_with_context:168 - Real device scan failed: 'EnhancedNetworkScanner' object has no attribute 'wait'
Exception: None

2025-08-26 12:11:35 - ERROR - DupeZ - _log_with_context:168 - Invalid target IP: 127.0.0.1
Exception: None

2025-08-26 12:11:45 - ERROR - DupeZ - _log_with_context:168 - Invalid target IP: 127.0.0.1
Exception: None

2025-08-26 12:11:55 - ERROR - DupeZ - _log_with_context:168 - Invalid target IP: 127.0.0.1
Exception: None

2025-08-26 12:12:00 - ERROR - DupeZ - _log_with_context:168 - Real device scan failed: 'EnhancedNetworkScanner' object has no attribute 'wait'
Exception: None

2025-08-26 12:12:05 - ERROR - DupeZ - _log_with_context:168 - Invalid target IP: 127.0.0.1
Exception: None

2025-08-26 12:12:15 - ERROR - DupeZ - _log_with_context:168 - Invalid target IP: 127.0.0.1
Exception: None

2025-08-26 12:12:25 - ERROR - DupeZ - _log_with_context:168 - Invalid target IP: 127.0.0.1
Exception: None

2025-08-26 12:12:30 - ERROR - DupeZ - _log_with_context:168 - Real device scan failed: 'EnhancedNetworkScanner' object has no attribute 'wait'
Exception: None

2025-08-26 12:12:36 - ERROR - DupeZ - _log_with_context:168 - Invalid target IP: 127.0.0.1
Exception: None

2025-08-26 12:12:46 - ERROR - DupeZ - _log_with_context:168 - Invalid target IP: 127.0.0.1
Exception: None

2025-08-26 12:12:56 - ERROR - DupeZ - _log_with_context:168 - Invalid target IP: 127.0.0.1
Exception: None

2025-08-26 12:13:00 - ERROR - DupeZ - _log_with_context:168 - Real device scan failed: 'EnhancedNetworkScanner' object has no attribute 'wait'
Exception: None

2025-08-26 12:13:06 - ERROR - DupeZ - _log_with_context:168 - Invalid target IP: 127.0.0.1
Exception: None

2025-08-26 12:13:16 - ERROR - DupeZ - _log_with_context:168 - Invalid target IP: 127.0.0.1
Exception: None

2025-08-26 12:13:26 - ERROR - DupeZ - _log_with_context:168 - Invalid target IP: 127.0.0.1
Exception: None

2025-08-26 12:13:30 - ERROR - DupeZ - _log_with_context:168 - Real device scan failed: 'EnhancedNetworkScanner' object has no attribute 'wait'
Exception: None

2025-08-26 12:13:36 - ERROR - DupeZ - _log_with_context:168 - Invalid target IP: 127.0.0.1
Exception: None

2025-08-26 12:13:46 - ERROR - DupeZ - _log_with_context:168 - Invalid target IP: 127.0.0.1
Exception: None

2025-08-26 12:13:56 - ERROR - DupeZ - _log_with_context:168 - Invalid target IP: 127.0.0.1
Exception: None

2025-08-26 12:14:00 - ERROR - DupeZ - _log_with_context:168 - Real device scan failed: 'EnhancedNetworkScanner' object has no attribute 'wait'
Exception: None

2025-08-26 12:14:06 - ERROR - DupeZ - _log_with_context:168 - Invalid target IP: 127.0.0.1
Exception: None

2025-08-26 12:14:16 - ERROR - DupeZ - _log_with_context:168 - Invalid target IP: 127.0.0.1
Exception: None

2025-08-26 12:14:26 - ERROR - DupeZ - _log_with_context:168 - Invalid target IP: 127.0.0.1
Exception: None

2025-08-26 12:14:30 - ERROR - DupeZ - _log_with_context:168 - Real device scan failed: 'EnhancedNetworkScanner' object has no attribute 'wait'
Exception: None

2025-08-26 12:14:36 - ERROR - DupeZ - _log_with_context:168 - Invalid target IP: 127.0.0.1
Exception: None

2025-08-26 12:14:46 - ERROR - DupeZ - _log_with_context:168 - Invalid target IP: 127.0.0.1
Exception: None

2025-08-26 12:14:56 - ERROR - DupeZ - _log_with_context:168 - Invalid target IP: 127.0.0.1
Exception: None

2025-08-26 12:15:00 - ERROR - DupeZ - _log_with_context:168 - Real device scan failed: 'EnhancedNetworkScanner' object has no attribute 'wait'
Exception: None

2025-08-26 12:15:06 - ERROR - DupeZ - _log_with_context:168 - Invalid target IP: 127.0.0.1
Exception: None

2025-08-26 12:17:14 - ERROR - DupeZ - _log_with_context:168 - WinDivert.dll not found at: C:\Users\Owner\AppData\Local\Temp\_MEI482922\app\firewall\WinDivert.dll
Exception: None

2025-08-26 12:17:14 - ERROR - DupeZ - _log_with_context:168 - WinDivert64.sys not found at: C:\Users\Owner\AppData\Local\Temp\_MEI482922\app\firewall\WinDivert64.sys
Exception: None

2025-08-26 12:17:14 - ERROR - DupeZ - _log_with_context:168 - clumsy.exe not found at: C:\Users\Owner\AppData\Local\Temp\_MEI482922\app\firewall\clumsy.exe
Exception: None

2025-08-26 12:17:22 - ERROR - DupeZ - _log_with_context:168 - Real device scan failed: 'EnhancedNetworkScanner' object has no attribute 'wait'
Exception: None

2025-08-26 12:17:22 - ERROR - DupeZ - _log_with_context:168 - Theme file not found: app/themes\light.qss
Exception: None

2025-08-26 12:17:22 - ERROR - DupeZ - _log_with_context:168 - Theme file not found: app/themes\dark.qss
Exception: None

2025-08-26 12:17:22 - ERROR - DupeZ - _log_with_context:168 - Theme file not found: app/themes\hacker.qss
Exception: None

2025-08-26 12:17:22 - ERROR - DupeZ - _log_with_context:168 - Theme file not found: app/themes\rainbow.qss
Exception: None

2025-08-26 12:17:22 - ERROR - DupeZ - _log_with_context:168 - Theme not found: dark
Exception: None

2025-08-26 12:17:22 - ERROR - DupeZ - _log_with_context:168 - Failed to apply default theme
Exception: None

2025-08-26 12:17:22 - ERROR - DupeZ - _log_with_context:168 - Failed to apply fallback theme: [Errno 2] No such file or directory: 'app/themes/dark.qss'
Exception: None

2025-08-26 12:17:23 - ERROR - DupeZ - _log_with_context:168 - Failed to load tips: [Errno 2] No such file or directory: 'app/config/dayz_tips_tricks.json'
Exception: None

2025-08-26 12:17:52 - ERROR - DupeZ - _log_with_context:168 - Real device scan failed: 'EnhancedNetworkScanner' object has no attribute 'wait'
Exception: None

2025-08-26 12:18:22 - ERROR - DupeZ - _log_with_context:168 - Real device scan failed: 'EnhancedNetworkScanner' object has no attribute 'wait'
Exception: None

2025-08-26 12:18:52 - ERROR - DupeZ - _log_with_context:168 - Real device scan failed: 'EnhancedNetworkScanner' object has no attribute 'wait'
Exception: None

2025-08-26 12:19:22 - ERROR - DupeZ - _log_with_context:168 - Real device scan failed: 'EnhancedNetworkScanner' object has no attribute 'wait'
Exception: None

2025-08-26 12:19:52 - ERROR - DupeZ - _log_with_context:168 - Real device scan failed: 'EnhancedNetworkScanner' object has no attribute 'wait'
Exception: None

2025-08-26 12:20:22 - ERROR - DupeZ - _log_with_context:168 - Real device scan failed: 'EnhancedNetworkScanner' object has no attribute 'wait'
Exception: None

2025-08-26 12:20:52 - ERROR - DupeZ - _log_with_context:168 - Real device scan failed: 'EnhancedNetworkScanner' object has no attribute 'wait'
Exception: None

2025-08-26 12:21:22 - ERROR - DupeZ - _log_with_context:168 - Real device scan failed: 'EnhancedNetworkScanner' object has no attribute 'wait'
Exception: None

2025-08-26 12:21:52 - ERROR - DupeZ - _log_with_context:168 - Real device scan failed: 'EnhancedNetworkScanner' object has no attribute 'wait'
Exception: None

2025-08-26 12:22:22 - ERROR - DupeZ - _log_with_context:168 - Real device scan failed: 'EnhancedNetworkScanner' object has no attribute 'wait'
Exception: None

2025-08-26 12:22:52 - ERROR - DupeZ - _log_with_context:168 - Real device scan failed: 'EnhancedNetworkScanner' object has no attribute 'wait'
Exception: None

2025-08-26 12:23:22 - ERROR - DupeZ - _log_with_context:168 - Real device scan failed: 'EnhancedNetworkScanner' object has no attribute 'wait'
Exception: None

2025-08-26 12:23:52 - ERROR - DupeZ - _log_with_context:168 - Real device scan failed: 'EnhancedNetworkScanner' object has no attribute 'wait'
Exception: None

2025-08-26 12:24:22 - ERROR - DupeZ - _log_with_context:168 - Real device scan failed: 'EnhancedNetworkScanner' object has no attribute 'wait'
Exception: None

2025-08-26 12:24:52 - ERROR - DupeZ - _log_with_context:168 - Real device scan failed: 'EnhancedNetworkScanner' object has no attribute 'wait'
Exception: None

2025-08-26 12:25:22 - ERROR - DupeZ - _log_with_context:168 - Real device scan failed: 'EnhancedNetworkScanner' object has no attribute 'wait'
Exception: None

2025-08-26 12:25:52 - ERROR - DupeZ - _log_with_context:168 - Real device scan failed: 'EnhancedNetworkScanner' object has no attribute 'wait'
Exception: None

2025-08-26 12:26:22 - ERROR - DupeZ - _log_with_context:168 - Real device scan failed: 'EnhancedNetworkScanner' object has no attribute 'wait'
Exception: None

2025-08-26 12:31:47 - ERROR - DupeZ - _log_with_context:168 - WinDivert.dll not found at: C:\Users\Owner\AppData\Local\Temp\_MEI221562\app\firewall\WinDivert.dll
Exception: None

2025-08-26 12:31:47 - ERROR - DupeZ - _log_with_context:168 - WinDivert64.sys not found at: C:\Users\Owner\AppData\Local\Temp\_MEI221562\app\firewall\WinDivert64.sys
Exception: None

2025-08-26 12:31:47 - ERROR - DupeZ - _log_with_context:168 - clumsy.exe not found at: C:\Users\Owner\AppData\Local\Temp\_MEI221562\app\firewall\clumsy.exe
Exception: None

2025-08-26 12:31:54 - ERROR - DupeZ - _log_with_context:168 - Real device scan failed: 'EnhancedNetworkScanner' object has no attribute 'wait'
Exception: None

2025-08-26 12:31:54 - ERROR - DupeZ - _log_with_context:168 - Theme file not found: app/themes\light.qss
Exception: None

2025-08-26 12:31:54 - ERROR - DupeZ - _log_with_context:168 - Theme file not found: app/themes\dark.qss
Exception: None

2025-08-26 12:31:54 - ERROR - DupeZ - _log_with_context:168 - Theme file not found: app/themes\hacker.qss
Exception: None

2025-08-26 12:31:54 - ERROR - DupeZ - _log_with_context:168 - Theme file not found: app/themes\rainbow.qss
Exception: None

2025-08-26 12:31:54 - ERROR - DupeZ - _log_with_context:168 - Theme not found: dark
Exception: None

2025-08-26 12:31:54 - ERROR - DupeZ - _log_with_context:168 - Failed to apply default theme
Exception: None

2025-08-26 12:31:54 - ERROR - DupeZ - _log_with_context:168 - Failed to apply fallback theme: [Errno 2] No such file or directory: 'app/themes/dark.qss'
Exception: None

2025-08-26 12:31:55 - ERROR - DupeZ - _log_with_context:168 - Failed to load tips: [Errno 2] No such file or directory: 'app/config/dayz_tips_tricks.json'
Exception: None

2025-08-26 12:39:37 - ERROR - DupeZ - _log_with_context:168 - WinDivert.dll not found at: C:\Users\Owner\AppData\Local\Temp\_MEI167402\app\firewall\WinDivert.dll
Exception: None

2025-08-26 12:39:37 - ERROR - DupeZ - _log_with_context:168 - WinDivert64.sys not found at: C:\Users\Owner\AppData\Local\Temp\_MEI167402\app\firewall\WinDivert64.sys
Exception: None

2025-08-26 12:39:37 - ERROR - DupeZ - _log_with_context:168 - clumsy.exe not found at: C:\Users\Owner\AppData\Local\Temp\_MEI167402\app\firewall\clumsy.exe
Exception: None

2025-08-26 12:39:44 - ERROR - DupeZ - _log_with_context:168 - Real device scan failed: 'EnhancedNetworkScanner' object has no attribute 'wait'
Exception: None

2025-08-26 12:39:44 - ERROR - DupeZ - _log_with_context:168 - Theme file not found: app/themes\light.qss
Exception: None

2025-08-26 12:39:44 - ERROR - DupeZ - _log_with_context:168 - Theme file not found: app/themes\dark.qss
Exception: None

2025-08-26 12:39:44 - ERROR - DupeZ - _log_with_context:168 - Theme file not found: app/themes\hacker.qss
Exception: None

2025-08-26 12:39:44 - ERROR - DupeZ - _log_with_context:168 - Theme file not found: app/themes\rainbow.qss
Exception: None

2025-08-26 12:39:44 - ERROR - DupeZ - _log_with_context:168 - Theme not found: dark
Exception: None

2025-08-26 12:39:44 - ERROR - DupeZ - _log_with_context:168 - Failed to apply default theme
Exception: None

2025-08-26 12:39:44 - ERROR - DupeZ - _log_with_context:168 - Failed to apply fallback theme: [Errno 2] No such file or directory: 'app/themes/dark.qss'
Exception: None

2025-08-26 12:39:46 - ERROR - DupeZ - _log_with_context:168 - Failed to load tips: [Errno 2] No such file or directory: 'app/config/dayz_tips_tricks.json'
Exception: None

2025-08-26 12:40:14 - ERROR - DupeZ - _log_with_context:168 - Real device scan failed: 'EnhancedNetworkScanner' object has no attribute 'wait'
Exception: None

2025-08-26 12:40:44 - ERROR - DupeZ - _log_with_context:168 - Real device scan failed: 'EnhancedNetworkScanner' object has no attribute 'wait'
Exception: None

2025-08-26 12:41:14 - ERROR - DupeZ - _log_with_context:168 - Real device scan failed: 'EnhancedNetworkScanner' object has no attribute 'wait'
Exception: None

2025-08-26 12:41:44 - ERROR - DupeZ - _log_with_context:168 - Real device scan failed: 'EnhancedNetworkScanner' object has no attribute 'wait'
Exception: None

2025-08-26 12:42:14 - ERROR - DupeZ - _log_with_context:168 - Real device scan failed: 'EnhancedNetworkScanner' object has no attribute 'wait'
Exception: None

2025-08-26 12:42:44 - ERROR - DupeZ - _log_with_context:168 - Real device scan failed: 'EnhancedNetworkScanner' object has no attribute 'wait'
Exception: None

2025-08-26 12:44:27 - ERROR - DupeZ - _log_with_context:168 - WinDivert.dll not found at: C:\Users\Owner\AppData\Local\Temp\_MEI568962\app\firewall\WinDivert.dll
Exception: None

2025-08-26 12:44:27 - ERROR - DupeZ - _log_with_context:168 - WinDivert64.sys not found at: C:\Users\Owner\AppData\Local\Temp\_MEI568962\app\firewall\WinDivert64.sys
Exception: None

2025-08-26 12:44:27 - ERROR - DupeZ - _log_with_context:168 - clumsy.exe not found at: C:\Users\Owner\AppData\Local\Temp\_MEI568962\app\firewall\clumsy.exe
Exception: None

2025-08-26 12:44:35 - ERROR - DupeZ - _log_with_context:168 - Real device scan failed: 'EnhancedNetworkScanner' object has no attribute 'wait'
Exception: None

2025-08-26 12:44:35 - ERROR - DupeZ - _log_with_context:168 - Theme file not found: app/themes\light.qss
Exception: None

2025-08-26 12:44:35 - ERROR - DupeZ - _log_with_context:168 - Theme file not found: app/themes\dark.qss
Exception: None

2025-08-26 12:44:35 - ERROR - DupeZ - _log_with_context:168 - Theme file not found: app/themes\hacker.qss
Exception: None

2025-08-26 12:44:35 - ERROR - DupeZ - _log_with_context:168 - Theme file not found: app/themes\rainbow.qss
Exception: None

2025-08-26 12:44:35 - ERROR - DupeZ - _log_with_context:168 - Theme not found: dark
Exception: None

2025-08-26 12:44:35 - ERROR - DupeZ - _log_with_context:168 - Failed to apply default theme
Exception: None

2025-08-26 12:44:35 - ERROR - DupeZ - _log_with_context:168 - Failed to apply fallback theme: [Errno 2] No such file or directory: 'app/themes/dark.qss'
Exception: None

2025-08-26 12:44:37 - ERROR - DupeZ - _log_with_context:168 - Failed to load tips: [Errno 2] No such file or directory: 'app/config/dayz_tips_tricks.json'
Exception: None

2025-08-26 12:45:05 - ERROR - DupeZ - _log_with_context:168 - Real device scan failed: 'EnhancedNetworkScanner' object has no attribute 'wait'
Exception: None

2025-08-26 12:45:35 - ERROR - DupeZ - _log_with_context:168 - Real device scan failed: 'EnhancedNetworkScanner' object has no attribute 'wait'
Exception: None

2025-08-26 12:46:05 - ERROR - DupeZ - _log_with_context:168 - Real device scan failed: 'EnhancedNetworkScanner' object has no attribute 'wait'
Exception: None

2025-08-26 12:51:56 - ERROR - DupeZ - _log_with_context:168 - WinDivert.dll not found at: C:\Users\Owner\AppData\Local\Temp\_MEI509802\app\firewall\WinDivert.dll
Exception: None

2025-08-26 12:51:56 - ERROR - DupeZ - _log_with_context:168 - WinDivert64.sys not found at: C:\Users\Owner\AppData\Local\Temp\_MEI509802\app\firewall\WinDivert64.sys
Exception: None

2025-08-26 12:51:56 - ERROR - DupeZ - _log_with_context:168 - clumsy.exe not found at: C:\Users\Owner\AppData\Local\Temp\_MEI509802\app\firewall\clumsy.exe
Exception: None

2025-08-26 12:52:04 - ERROR - DupeZ - _log_with_context:168 - Real device scan failed: 'EnhancedNetworkScanner' object has no attribute 'wait'
Exception: None

2025-08-26 12:52:04 - ERROR - DupeZ - _log_with_context:168 - Theme file not found: app/themes\light.qss
Exception: None

2025-08-26 12:52:04 - ERROR - DupeZ - _log_with_context:168 - Theme file not found: app/themes\dark.qss
Exception: None

2025-08-26 12:52:04 - ERROR - DupeZ - _log_with_context:168 - Theme file not found: app/themes\hacker.qss
Exception: None

2025-08-26 12:52:04 - ERROR - DupeZ - _log_with_context:168 - Theme file not found: app/themes\rainbow.qss
Exception: None

2025-08-26 12:52:04 - ERROR - DupeZ - _log_with_context:168 - Theme not found: dark
Exception: None

2025-08-26 12:52:04 - ERROR - DupeZ - _log_with_context:168 - Failed to apply default theme
Exception: None

2025-08-26 12:52:04 - ERROR - DupeZ - _log_with_context:168 - Failed to apply fallback theme: [Errno 2] No such file or directory: 'app/themes/dark.qss'
Exception: None

2025-08-26 12:52:05 - ERROR - DupeZ - _log_with_context:168 - Failed to load tips: [Errno 2] No such file or directory: 'app/config/dayz_tips_tricks.json'
Exception: None

2025-08-26 12:52:34 - ERROR - DupeZ - _log_with_context:168 - Real device scan failed: 'EnhancedNetworkScanner' object has no attribute 'wait'
Exception: None

2025-08-26 12:52:59 - ERROR - DupeZ - _log_with_context:168 - Invalid target IP: 127.0.0.1
Exception: None

2025-08-26 12:53:04 - ERROR - DupeZ - _log_with_context:168 - Real device scan failed: 'EnhancedNetworkScanner' object has no attribute 'wait'
Exception: None

2025-08-26 12:53:09 - ERROR - DupeZ - _log_with_context:168 - Invalid target IP: 127.0.0.1
Exception: None

2025-08-26 12:53:19 - ERROR - DupeZ - _log_with_context:168 - Invalid target IP: 127.0.0.1
Exception: None

2025-08-26 12:53:29 - ERROR - DupeZ - _log_with_context:168 - Invalid target IP: 127.0.0.1
Exception: None

2025-08-26 12:53:34 - ERROR - DupeZ - _log_with_context:168 - Real device scan failed: 'EnhancedNetworkScanner' object has no attribute 'wait'
Exception: None

2025-08-26 12:53:39 - ERROR - DupeZ - _log_with_context:168 - Invalid target IP: 127.0.0.1
Exception: None

2025-08-26 12:53:47 - ERROR - DupeZ - _log_with_context:168 - Invalid target IP: 127.0.0.1
Exception: None

2025-08-26 12:53:49 - ERROR - DupeZ - _log_with_context:168 - Invalid target IP: 127.0.0.1
Exception: None

2025-08-26 12:53:49 - ERROR - DupeZ - _log_with_context:168 - Real device scan failed: 'EnhancedNetworkScanner' object has no attribute 'wait'
Exception: None

2025-08-26 12:53:51 - ERROR - DupeZ - _log_with_context:168 - Real device scan failed: 'EnhancedNetworkScanner' object has no attribute 'wait'
Exception: None

2025-08-26 12:53:52 - ERROR - DupeZ - _log_with_context:168 - Real device scan failed: 'EnhancedNetworkScanner' object has no attribute 'wait'
Exception: None

2025-08-26 12:53:53 - ERROR - DupeZ - _log_with_context:168 - Real device scan failed: 'EnhancedNetworkScanner' object has no attribute 'wait'
Exception: None

2025-08-26 12:53:54 - ERROR - DupeZ - _log_with_context:168 - Real device scan failed: 'EnhancedNetworkScanner' object has no attribute 'wait'
Exception: None

2025-08-26 12:53:54 - ERROR - DupeZ - _log_with_context:168 - Real device scan failed: 'EnhancedNetworkScanner' object has no attribute 'wait'
Exception: None

2025-08-26 12:53:55 - ERROR - DupeZ - _log_with_context:168 - Real device scan failed: 'EnhancedNetworkScanner' object has no attribute 'wait'
Exception: None

2025-08-26 12:53:55 - ERROR - DupeZ - _log_with_context:168 - Real device scan failed: 'EnhancedNetworkScanner' object has no attribute 'wait'
Exception: None

2025-08-26 12:53:55 - ERROR - DupeZ - _log_with_context:168 - Real device scan failed: 'EnhancedNetworkScanner' object has no attribute 'wait'
Exception: None

2025-08-26 12:53:55 - ERROR - DupeZ - _log_with_context:168 - Real device scan failed: 'EnhancedNetworkScanner' object has no attribute 'wait'
Exception: None

2025-08-26 12:53:55 - ERROR - DupeZ - _log_with_context:168 - Real device scan failed: 'EnhancedNetworkScanner' object has no attribute 'wait'
Exception: None

2025-08-26 12:53:56 - ERROR - DupeZ - _log_with_context:168 - Real device scan failed: 'EnhancedNetworkScanner' object has no attribute 'wait'
Exception: None

2025-08-26 12:53:56 - ERROR - DupeZ - _log_with_context:168 - Real device scan failed: 'EnhancedNetworkScanner' object has no attribute 'wait'
Exception: None

2025-08-26 12:53:56 - ERROR - DupeZ - _log_with_context:168 - Real device scan failed: 'EnhancedNetworkScanner' object has no attribute 'wait'
Exception: None

2025-08-26 12:53:57 - ERROR - DupeZ - _log_with_context:168 - Invalid target IP: 127.0.0.1
Exception: None

2025-08-26 12:53:59 - ERROR - DupeZ - _log_with_context:168 - Invalid target IP: 127.0.0.1
Exception: None

2025-08-26 13:06:20 - ERROR - DupeZ - _log_with_context:168 - WinDivert.dll not found at: C:\Users\Owner\AppData\Local\Temp\_MEI326922\app\firewall\WinDivert.dll
Exception: None

2025-08-26 13:06:20 - ERROR - DupeZ - _log_with_context:168 - WinDivert64.sys not found at: C:\Users\Owner\AppData\Local\Temp\_MEI326922\app\firewall\WinDivert64.sys
Exception: None

2025-08-26 13:06:20 - ERROR - DupeZ - _log_with_context:168 - clumsy.exe not found at: C:\Users\Owner\AppData\Local\Temp\_MEI326922\app\firewall\clumsy.exe
Exception: None

2025-08-26 13:06:28 - ERROR - DupeZ - _log_with_context:168 - Real device scan failed: 'EnhancedNetworkScanner' object has no attribute 'wait'
Exception: None

2025-08-26 13:06:28 - ERROR - DupeZ - _log_with_context:168 - Theme file not found: app/themes\light.qss
Exception: None

2025-08-26 13:06:28 - ERROR - DupeZ - _log_with_context:168 - Theme file not found: app/themes\dark.qss
Exception: None

2025-08-26 13:06:28 - ERROR - DupeZ - _log_with_context:168 - Theme file not found: app/themes\hacker.qss
Exception: None

2025-08-26 13:06:28 - ERROR - DupeZ - _log_with_context:168 - Theme file not found: app/themes\rainbow.qss
Exception: None

2025-08-26 13:06:28 - ERROR - DupeZ - _log_with_context:168 - Theme not found: dark
Exception: None

2025-08-26 13:06:28 - ERROR - DupeZ - _log_with_context:168 - Failed to apply default theme
Exception: None

2025-08-26 13:06:28 - ERROR - DupeZ - _log_with_context:168 - Failed to apply fallback theme: [Errno 2] No such file or directory: 'app/themes/dark.qss'
Exception: None

2025-08-26 13:06:29 - ERROR - DupeZ - _log_with_context:168 - Failed to load tips: [Errno 2] No such file or directory: 'app/config/dayz_tips_tricks.json'
Exception: None

2025-08-26 13:06:58 - ERROR - DupeZ - _log_with_context:168 - Real device scan failed: 'EnhancedNetworkScanner' object has no attribute 'wait'
Exception: None

2025-08-26 13:12:38 - ERROR - DupeZ - _log_with_context:168 - WinDivert.dll not found at: C:\Users\Owner\AppData\Local\Temp\_MEI534242\app\firewall\WinDivert.dll
Exception: None

2025-08-26 13:12:38 - ERROR - DupeZ - _log_with_context:168 - WinDivert64.sys not found at: C:\Users\Owner\AppData\Local\Temp\_MEI534242\app\firewall\WinDivert64.sys
Exception: None

2025-08-26 13:12:38 - ERROR - DupeZ - _log_with_context:168 - clumsy.exe not found at: C:\Users\Owner\AppData\Local\Temp\_MEI534242\app\firewall\clumsy.exe
Exception: None

2025-08-26 13:12:47 - ERROR - DupeZ - _log_with_context:168 - Real device scan failed: 'EnhancedNetworkScanner' object has no attribute 'wait'
Exception: None

2025-08-26 13:12:47 - ERROR - DupeZ - _log_with_context:168 - Theme file not found: app/themes\light.qss
Exception: None

2025-08-26 13:12:47 - ERROR - DupeZ - _log_with_context:168 - Theme file not found: app/themes\dark.qss
Exception: None

2025-08-26 13:12:47 - ERROR - DupeZ - _log_with_context:168 - Theme file not found: app/themes\hacker.qss
Exception: None

2025-08-26 13:12:47 - ERROR - DupeZ - _log_with_context:168 - Theme file not found: app/themes\rainbow.qss
Exception: None

2025-08-26 13:12:47 - ERROR - DupeZ - _log_with_context:168 - Theme not found: dark
Exception: None

2025-08-26 13:12:47 - ERROR - DupeZ - _log_with_context:168 - Failed to apply default theme
Exception: None

2025-08-26 13:12:47 - ERROR - DupeZ - _log_with_context:168 - Failed to apply fallback theme: [Errno 2] No such file or directory: 'app/themes/dark.qss'
Exception: None

2025-08-26 13:12:48 - ERROR - DupeZ - _log_with_context:168 - Failed to load tips: [Errno 2] No such file or directory: 'app/config/dayz_tips_tricks.json'
Exception: None

2025-08-26 13:16:57 - ERROR - DupeZ - _log_with_context:168 - WinDivert.dll not found at: C:\Users\Owner\AppData\Local\Temp\_MEI556122\app\firewall\WinDivert.dll
Exception: None

2025-08-26 13:16:57 - ERROR - DupeZ - _log_with_context:168 - WinDivert64.sys not found at: C:\Users\Owner\AppData\Local\Temp\_MEI556122\app\firewall\WinDivert64.sys
Exception: None

2025-08-26 13:16:57 - ERROR - DupeZ - _log_with_context:168 - clumsy.exe not found at: C:\Users\Owner\AppData\Local\Temp\_MEI556122\app\firewall\clumsy.exe
Exception: None

2025-08-26 13:17:04 - ERROR - DupeZ - _log_with_context:168 - Real device scan failed: 'EnhancedNetworkScanner' object has no attribute 'wait'
Exception: None

2025-08-26 13:17:04 - ERROR - DupeZ - _log_with_context:168 - Theme file not found: app/themes\light.qss
Exception: None

2025-08-26 13:17:04 - ERROR - DupeZ - _log_with_context:168 - Theme file not found: app/themes\dark.qss
Exception: None

2025-08-26 13:17:04 - ERROR - DupeZ - _log_with_context:168 - Theme file not found: app/themes\hacker.qss
Exception: None

2025-08-26 13:17:04 - ERROR - DupeZ - _log_with_context:168 - Theme file not found: app/themes\rainbow.qss
Exception: None

2025-08-26 13:17:04 - ERROR - DupeZ - _log_with_context:168 - Theme not found: dark
Exception: None

2025-08-26 13:17:04 - ERROR - DupeZ - _log_with_context:168 - Failed to apply default theme
Exception: None

2025-08-26 13:17:04 - ERROR - DupeZ - _log_with_context:168 - Failed to apply fallback theme: [Errno 2] No such file or directory: 'app/themes/dark.qss'
Exception: None

2025-08-26 13:17:05 - ERROR - DupeZ - _log_with_context:168 - Failed to load tips: [Errno 2] No such file or directory: 'app/config/dayz_tips_tricks.json'
Exception: None

2025-08-26 13:28:56 - ERROR - DupeZ - _log_with_context:168 - WinDivert.dll not found at: C:\Users\Owner\AppData\Local\Temp\_MEI324082\app\firewall\WinDivert.dll
Exception: None

2025-08-26 13:28:56 - ERROR - DupeZ - _log_with_context:168 - WinDivert64.sys not found at: C:\Users\Owner\AppData\Local\Temp\_MEI324082\app\firewall\WinDivert64.sys
Exception: None

2025-08-26 13:28:56 - ERROR - DupeZ - _log_with_context:168 - clumsy.exe not found at: C:\Users\Owner\AppData\Local\Temp\_MEI324082\app\firewall\clumsy.exe
Exception: None

2025-08-26 13:29:04 - ERROR - DupeZ - _log_with_context:168 - Real device scan failed: 'EnhancedNetworkScanner' object has no attribute 'wait'
Exception: None

2025-08-26 13:29:04 - ERROR - DupeZ - _log_with_context:168 - Theme file not found: app/themes\light.qss
Exception: None

2025-08-26 13:29:04 - ERROR - DupeZ - _log_with_context:168 - Theme file not found: app/themes\dark.qss
Exception: None

2025-08-26 13:29:04 - ERROR - DupeZ - _log_with_context:168 - Theme file not found: app/themes\hacker.qss
Exception: None

2025-08-26 13:29:04 - ERROR - DupeZ - _log_with_context:168 - Theme file not found: app/themes\rainbow.qss
Exception: None

2025-08-26 13:29:04 - ERROR - DupeZ - _log_with_context:168 - Theme not found: dark
Exception: None

2025-08-26 13:29:04 - ERROR - DupeZ - _log_with_context:168 - Failed to apply default theme
Exception: None

2025-08-26 13:29:04 - ERROR - DupeZ - _log_with_context:168 - Failed to apply fallback theme: [Errno 2] No such file or directory: 'app/themes/dark.qss'
Exception: None

2025-08-26 13:29:05 - ERROR - DupeZ - _log_with_context:168 - Failed to load tips: [Errno 2] No such file or directory: 'app/config/dayz_tips_tricks.json'
Exception: None

2025-08-26 13:29:34 - ERROR - DupeZ - _log_with_context:168 - Real device scan failed: 'EnhancedNetworkScanner' object has no attribute 'wait'
Exception: None

2025-08-26 13:30:04 - ERROR - DupeZ - _log_with_context:168 - Real device scan failed: 'EnhancedNetworkScanner' object has no attribute 'wait'
Exception: None

2025-08-26 13:30:34 - ERROR - DupeZ - _log_with_context:168 - Real device scan failed: 'EnhancedNetworkScanner' object has no attribute 'wait'
Exception: None

2025-08-26 13:31:04 - ERROR - DupeZ - _log_with_context:168 - Real device scan failed: 'EnhancedNetworkScanner' object has no attribute 'wait'
Exception: None

2025-08-26 13:31:34 - ERROR - DupeZ - _log_with_context:168 - Real device scan failed: 'EnhancedNetworkScanner' object has no attribute 'wait'
Exception: None

2025-08-26 13:32:04 - ERROR - DupeZ - _log_with_context:168 - Real device scan failed: 'EnhancedNetworkScanner' object has no attribute 'wait'
Exception: None

2025-08-26 13:32:34 - ERROR - DupeZ - _log_with_context:168 - Real device scan failed: 'EnhancedNetworkScanner' object has no attribute 'wait'
Exception: None

2025-08-26 13:33:04 - ERROR - DupeZ - _log_with_context:168 - Real device scan failed: 'EnhancedNetworkScanner' object has no attribute 'wait'
Exception: None

2025-08-26 13:33:34 - ERROR - DupeZ - _log_with_context:168 - Real device scan failed: 'EnhancedNetworkScanner' object has no attribute 'wait'
Exception: None

2025-08-26 13:34:04 - ERROR - DupeZ - _log_with_context:168 - Real device scan failed: 'EnhancedNetworkScanner' object has no attribute 'wait'
Exception: None

2025-08-26 13:34:34 - ERROR - DupeZ - _log_with_context:168 - Real device scan failed: 'EnhancedNetworkScanner' object has no attribute 'wait'
Exception: None

2025-08-26 13:55:53 - ERROR - DupeZ - _log_with_context:168 - WinDivert.dll not found at: C:\Users\Owner\AppData\Local\Temp\_MEI88642\app\firewall\WinDivert.dll
Exception: None

2025-08-26 13:55:53 - ERROR - DupeZ - _log_with_context:168 - WinDivert64.sys not found at: C:\Users\Owner\AppData\Local\Temp\_MEI88642\app\firewall\WinDivert64.sys
Exception: None

2025-08-26 13:55:53 - ERROR - DupeZ - _log_with_context:168 - clumsy.exe not found at: C:\Users\Owner\AppData\Local\Temp\_MEI88642\app\firewall\clumsy.exe
Exception: None

2025-08-26 13:56:00 - ERROR - DupeZ - _log_with_context:168 - Real device scan failed: 'EnhancedNetworkScanner' object has no attribute 'wait'
Exception: None

2025-08-26 13:56:00 - ERROR - DupeZ - _log_with_context:168 - Theme file not found: app/themes\light.qss
Exception: None

2025-08-26 13:56:00 - ERROR - DupeZ - _log_with_context:168 - Theme file not found: app/themes\dark.qss
Exception: None

2025-08-26 13:56:00 - ERROR - DupeZ - _log_with_context:168 - Theme file not found: app/themes\hacker.qss
Exception: None

2025-08-26 13:56:00 - ERROR - DupeZ - _log_with_context:168 - Theme file not found: app/themes\rainbow.qss
Exception: None

2025-08-26 13:56:00 - ERROR - DupeZ - _log_with_context:168 - Theme not found: dark
Exception: None

2025-08-26 13:56:00 - ERROR - DupeZ - _log_with_context:168 - Failed to apply default theme
Exception: None

2025-08-26 13:56:00 - ERROR - DupeZ - _log_with_context:168 - Failed to apply fallback theme: [Errno 2] No such file or directory: 'app/themes/dark.qss'
Exception: None

2025-08-26 13:56:01 - ERROR - DupeZ - _log_with_context:168 - Failed to load tips: [Errno 2] No such file or directory: 'app/config/dayz_tips_tricks.json'
Exception: None

2025-08-26 13:56:30 - ERROR - DupeZ - _log_with_context:168 - Real device scan failed: 'EnhancedNetworkScanner' object has no attribute 'wait'
Exception: None

2025-08-26 13:57:00 - ERROR - DupeZ - _log_with_context:168 - Real device scan failed: 'EnhancedNetworkScanner' object has no attribute 'wait'
Exception: None

2025-08-26 13:57:30 - ERROR - DupeZ - _log_with_context:168 - Real device scan failed: 'EnhancedNetworkScanner' object has no attribute 'wait'
Exception: None

2025-08-26 13:58:00 - ERROR - DupeZ - _log_with_context:168 - Real device scan failed: 'EnhancedNetworkScanner' object has no attribute 'wait'
Exception: None

2025-08-26 13:58:30 - ERROR - DupeZ - _log_with_context:168 - Real device scan failed: 'EnhancedNetworkScanner' object has no attribute 'wait'
Exception: None

2025-08-26 13:59:00 - ERROR - DupeZ - _log_with_context:168 - Real device scan failed: 'EnhancedNetworkScanner' object has no attribute 'wait'
Exception: None

2025-08-26 13:59:30 - ERROR - DupeZ - _log_with_context:168 - Real device scan failed: 'EnhancedNetworkScanner' object has no attribute 'wait'
Exception: None

2025-08-26 14:00:00 - ERROR - DupeZ - _log_with_context:168 - Real device scan failed: 'EnhancedNetworkScanner' object has no attribute 'wait'
Exception: None

2025-08-26 14:00:30 - ERROR - DupeZ - _log_with_context:168 - Real device scan failed: 'EnhancedNetworkScanner' object has no attribute 'wait'
Exception: None

2025-08-26 14:01:00 - ERROR - DupeZ - _log_with_context:168 - Real device scan failed: 'EnhancedNetworkScanner' object has no attribute 'wait'
Exception: None

2025-08-26 14:01:24 - ERROR - DupeZ - _log_with_context:168 - WinDivert.dll not found at: C:\Users\Owner\AppData\Local\Temp\_MEI490442\app\firewall\WinDivert.dll
Exception: None

2025-08-26 14:01:24 - ERROR - DupeZ - _log_with_context:168 - WinDivert64.sys not found at: C:\Users\Owner\AppData\Local\Temp\_MEI490442\app\firewall\WinDivert64.sys
Exception: None

2025-08-26 14:01:24 - ERROR - DupeZ - _log_with_context:168 - clumsy.exe not found at: C:\Users\Owner\AppData\Local\Temp\_MEI490442\app\firewall\clumsy.exe
Exception: None

2025-08-26 14:01:33 - ERROR - DupeZ - _log_with_context:168 - Theme file not found: app/themes\light.qss
Exception: None

2025-08-26 14:01:33 - ERROR - DupeZ - _log_with_context:168 - Real device scan failed: 'EnhancedNetworkScanner' object has no attribute 'wait'
Exception: None

2025-08-26 14:01:33 - ERROR - DupeZ - _log_with_context:168 - Theme file not found: app/themes\dark.qss
Exception: None

2025-08-26 14:01:33 - ERROR - DupeZ - _log_with_context:168 - Theme file not found: app/themes\hacker.qss
Exception: None

2025-08-26 14:01:33 - ERROR - DupeZ - _log_with_context:168 - Theme file not found: app/themes\rainbow.qss
Exception: None

2025-08-26 14:01:33 - ERROR - DupeZ - _log_with_context:168 - Theme not found: dark
Exception: None

2025-08-26 14:01:33 - ERROR - DupeZ - _log_with_context:168 - Failed to apply default theme
Exception: None

2025-08-26 14:01:33 - ERROR - DupeZ - _log_with_context:168 - Failed to apply fallback theme: [Errno 2] No such file or directory: 'app/themes/dark.qss'
Exception: None

2025-08-26 14:01:34 - ERROR - DupeZ - _log_with_context:168 - Failed to load tips: [Errno 2] No such file or directory: 'app/config/dayz_tips_tricks.json'
Exception: None

2025-08-26 14:02:03 - ERROR - DupeZ - _log_with_context:168 - Real device scan failed: 'EnhancedNetworkScanner' object has no attribute 'wait'
Exception: None

2025-08-26 14:02:33 - ERROR - DupeZ - _log_with_context:168 - Real device scan failed: 'EnhancedNetworkScanner' object has no attribute 'wait'
Exception: None

2025-08-26 14:03:03 - ERROR - DupeZ - _log_with_context:168 - Real device scan failed: 'EnhancedNetworkScanner' object has no attribute 'wait'
Exception: None

2025-08-26 14:10:00 - ERROR - DupeZ - _log_with_context:168 - WinDivert.dll not found at: C:\Users\Owner\AppData\Local\Temp\_MEI329762\app\firewall\WinDivert.dll
Exception: None

2025-08-26 14:10:00 - ERROR - DupeZ - _log_with_context:168 - WinDivert64.sys not found at: C:\Users\Owner\AppData\Local\Temp\_MEI329762\app\firewall\WinDivert64.sys
Exception: None

2025-08-26 14:10:00 - ERROR - DupeZ - _log_with_context:168 - clumsy.exe not found at: C:\Users\Owner\AppData\Local\Temp\_MEI329762\app\firewall\clumsy.exe
Exception: None

2025-08-26 14:10:08 - ERROR - DupeZ - _log_with_context:168 - Real device scan failed: 'EnhancedNetworkScanner' object has no attribute 'wait'
Exception: None

2025-08-26 14:10:08 - ERROR - DupeZ - _log_with_context:168 - Theme file not found: app/themes\light.qss
Exception: None

2025-08-26 14:10:08 - ERROR - DupeZ - _log_with_context:168 - Theme file not found: app/themes\dark.qss
Exception: None

2025-08-26 14:10:08 - ERROR - DupeZ - _log_with_context:168 - Theme file not found: app/themes\hacker.qss
Exception: None

2025-08-26 14:10:08 - ERROR - DupeZ - _log_with_context:168 - Theme file not found: app/themes\rainbow.qss
Exception: None

2025-08-26 14:10:08 - ERROR - DupeZ - _log_with_context:168 - Theme not found: dark
Exception: None

2025-08-26 14:10:08 - ERROR - DupeZ - _log_with_context:168 - Failed to apply default theme
Exception: None

2025-08-26 14:10:08 - ERROR - DupeZ - _log_with_context:168 - Failed to apply fallback theme: [Errno 2] No such file or directory: 'app/themes/dark.qss'
Exception: None

2025-08-26 14:10:08 - ERROR - DupeZ - _log_with_context:168 - Failed to load tips: [Errno 2] No such file or directory: 'app/config/dayz_tips_tricks.json'
Exception: None

2025-08-26 14:14:56 - ERROR - DupeZ - _log_with_context:168 - WinDivert.dll not found at: C:\Users\Owner\AppData\Local\Temp\_MEI569202\app\firewall\WinDivert.dll
Exception: None

2025-08-26 14:14:56 - ERROR - DupeZ - _log_with_context:168 - WinDivert64.sys not found at: C:\Users\Owner\AppData\Local\Temp\_MEI569202\app\firewall\WinDivert64.sys
Exception: None

2025-08-26 14:14:56 - ERROR - DupeZ - _log_with_context:168 - clumsy.exe not found at: C:\Users\Owner\AppData\Local\Temp\_MEI569202\app\firewall\clumsy.exe
Exception: None

2025-08-26 14:15:03 - ERROR - DupeZ - _log_with_context:168 - Real device scan failed: 'EnhancedNetworkScanner' object has no attribute 'wait'
Exception: None

2025-08-26 14:15:03 - ERROR - DupeZ - _log_with_context:168 - Theme file not found: app/themes\light.qss
Exception: None

2025-08-26 14:15:03 - ERROR - DupeZ - _log_with_context:168 - Theme file not found: app/themes\dark.qss
Exception: None

2025-08-26 14:15:03 - ERROR - DupeZ - _log_with_context:168 - Theme file not found: app/themes\hacker.qss
Exception: None

2025-08-26 14:15:03 - ERROR - DupeZ - _log_with_context:168 - Theme file not found: app/themes\rainbow.qss
Exception: None

2025-08-26 14:15:03 - ERROR - DupeZ - _log_with_context:168 - Theme not found: dark
Exception: None

2025-08-26 14:15:03 - ERROR - DupeZ - _log_with_context:168 - Failed to apply default theme
Exception: None

2025-08-26 14:15:03 - ERROR - DupeZ - _log_with_context:168 - Failed to apply fallback theme: [Errno 2] No such file or directory: 'app/themes/dark.qss'
Exception: None

2025-08-26 14:15:04 - ERROR - DupeZ - _log_with_context:168 - Failed to load tips: [Errno 2] No such file or directory: 'app/config/dayz_tips_tricks.json'
Exception: None

2025-08-26 14:15:33 - ERROR - DupeZ - _log_with_context:168 - Real device scan failed: 'EnhancedNetworkScanner' object has no attribute 'wait'
Exception: None

2025-08-26 14:16:03 - ERROR - DupeZ - _log_with_context:168 - Real device scan failed: 'EnhancedNetworkScanner' object has no attribute 'wait'
Exception: None

2025-08-26 14:16:33 - ERROR - DupeZ - _log_with_context:168 - Real device scan failed: 'EnhancedNetworkScanner' object has no attribute 'wait'
Exception: None

2025-08-26 14:17:03 - ERROR - DupeZ - _log_with_context:168 - Real device scan failed: 'EnhancedNetworkScanner' object has no attribute 'wait'
Exception: None

2025-08-26 14:17:33 - ERROR - DupeZ - _log_with_context:168 - Real device scan failed: 'EnhancedNetworkScanner' object has no attribute 'wait'
Exception: None

2025-08-26 14:18:03 - ERROR - DupeZ - _log_with_context:168 - Real device scan failed: 'EnhancedNetworkScanner' object has no attribute 'wait'
Exception: None

2025-08-26 14:18:33 - ERROR - DupeZ - _log_with_context:168 - Real device scan failed: 'EnhancedNetworkScanner' object has no attribute 'wait'
Exception: None

2025-08-26 14:20:42 - ERROR - DupeZ - _log_with_context:168 - WinDivert.dll not found at: C:\Users\Owner\AppData\Local\Temp\_MEI125002\app\firewall\WinDivert.dll
Exception: None

2025-08-26 14:20:42 - ERROR - DupeZ - _log_with_context:168 - WinDivert64.sys not found at: C:\Users\Owner\AppData\Local\Temp\_MEI125002\app\firewall\WinDivert64.sys
Exception: None

2025-08-26 14:20:42 - ERROR - DupeZ - _log_with_context:168 - clumsy.exe not found at: C:\Users\Owner\AppData\Local\Temp\_MEI125002\app\firewall\clumsy.exe
Exception: None

2025-08-26 14:20:50 - ERROR - DupeZ - _log_with_context:168 - Real device scan failed: 'EnhancedNetworkScanner' object has no attribute 'wait'
Exception: None

2025-08-26 14:20:50 - ERROR - DupeZ - _log_with_context:168 - Theme file not found: app/themes\light.qss
Exception: None

2025-08-26 14:20:50 - ERROR - DupeZ - _log_with_context:168 - Theme file not found: app/themes\dark.qss
Exception: None

2025-08-26 14:20:50 - ERROR - DupeZ - _log_with_context:168 - Theme file not found: app/themes\hacker.qss
Exception: None

2025-08-26 14:20:50 - ERROR - DupeZ - _log_with_context:168 - Theme file not found: app/themes\rainbow.qss
Exception: None

2025-08-26 14:20:50 - ERROR - DupeZ - _log_with_context:168 - Theme not found: dark
Exception: None

2025-08-26 14:20:50 - ERROR - DupeZ - _log_with_context:168 - Failed to apply default theme
Exception: None

2025-08-26 14:20:50 - ERROR - DupeZ - _log_with_context:168 - Failed to apply fallback theme: [Errno 2] No such file or directory: 'app/themes/dark.qss'
Exception: None

2025-08-26 14:20:51 - ERROR - DupeZ - _log_with_context:168 - Failed to load tips: [Errno 2] No such file or directory: 'app/config/dayz_tips_tricks.json'
Exception: None

2025-08-26 14:21:20 - ERROR - DupeZ - _log_with_context:168 - Real device scan failed: 'EnhancedNetworkScanner' object has no attribute 'wait'
Exception: None

