
============================================================
ERROR SUMMARY - 2025-08-21T00:17:35.063085
============================================================
{
  "timestamp": "2025-08-21T00:17:35.061072",
  "session_id": "session_1755756755",
  "session_duration": "0:05:00.001717",
  "total_errors": 0,
  "errors_by_category": {},
  "errors_by_severity": {},
  "errors_by_module": {},
  "recent_errors_count": 0
}
============================================================

============================================================
ERROR SUMMARY - 2025-08-21T00:22:35.064374
============================================================
{
  "timestamp": "2025-08-21T00:22:35.064374",
  "session_id": "session_1755756755",
  "session_duration": "0:10:00.005019",
  "total_errors": 0,
  "errors_by_category": {},
  "errors_by_severity": {},
  "errors_by_module": {},
  "recent_errors_count": 0
}
============================================================

============================================================
ERROR SUMMARY - 2025-08-21T00:27:35.068137
============================================================
{
  "timestamp": "2025-08-21T00:27:35.067680",
  "session_id": "session_1755756755",
  "session_duration": "0:15:00.008325",
  "total_errors": 0,
  "errors_by_category": {},
  "errors_by_severity": {},
  "errors_by_module": {},
  "recent_errors_count": 0
}
============================================================

============================================================
ERROR SUMMARY - 2025-08-21T00:32:35.068578
============================================================
{
  "timestamp": "2025-08-21T00:32:35.068578",
  "session_id": "session_1755756755",
  "session_duration": "0:20:00.009223",
  "total_errors": 0,
  "errors_by_category": {},
  "errors_by_severity": {},
  "errors_by_module": {},
  "recent_errors_count": 0
}
============================================================
